  Determining projects to restore...
  Restored C:\development\Developer-Kit\tests\FractalDataWorks.EnhancedEnums.Tests\FractalDataWorks.EnhancedEnums.Tests.csproj (in 318 ms).
  Restored C:\development\Developer-Kit\src\FractalDataWorks.ServiceTypes.CodeFixes\FractalDataWorks.ServiceTypes.CodeFixes.csproj (in 321 ms).
  Restored C:\development\Developer-Kit\tests\FractalDataWorks.Web.Http.Abstractions.Tests\FractalDataWorks.Web.Http.Abstractions.Tests.csproj (in 306 ms).
  Restored C:\development\Developer-Kit\src\FractalDataWorks.EnhancedEnums.SourceGenerators\FractalDataWorks.EnhancedEnums.SourceGenerators.csproj (in 316 ms).
  Restored C:\development\Developer-Kit\tests\FractalDataWorks.Results.Abstractions.Tests\FractalDataWorks.Results.Abstractions.Tests.csproj (in 318 ms).
  Restored C:\development\Developer-Kit\tests\FractalDataWorks.ServiceTypes.Tests\FractalDataWorks.ServiceTypes.Tests.csproj (in 312 ms).
  Restored C:\development\Developer-Kit\tests\FractalDataWorks.Data.DataStores.SqlServer.Tests\FractalDataWorks.Data.DataStores.SqlServer.Tests.csproj (in 315 ms).
  Restored C:\development\Developer-Kit\tests\FractalDataWorks.Data.DataStores.Tests\FractalDataWorks.Data.DataStores.Tests.csproj (in 317 ms).
  Restored C:\development\Developer-Kit\tests\FractalDataWorks.Services.SecretManagers.Tests\FractalDataWorks.Services.SecretManagers.Tests.csproj (in 319 ms).
  Restored C:\development\Developer-Kit\tests\FractalDataWorks.Services.Tests\FractalDataWorks.Services.Tests.csproj (in 319 ms).
  Restored C:\development\Developer-Kit\tests\FractalDataWorks.Services.Transformations.Tests\FractalDataWorks.Services.Transformations.Tests.csproj (in 319 ms).
  Restored C:\development\Developer-Kit\tests\FractalDataWorks.DependencyInjection.Tests\FractalDataWorks.DependencyInjection.Tests.csproj (in 317 ms).
  Restored C:\development\Developer-Kit\src\FractalDataWorks.Data.DataStores.SqlServer\FractalDataWorks.Data.DataStores.SqlServer.csproj (in 320 ms).
  Restored C:\development\Developer-Kit\src\FractalDataWorks.Collections.SourceGenerators\FractalDataWorks.Collections.SourceGenerators.csproj (in 28 ms).
  Restored C:\development\Developer-Kit\tests\FractalDataWorks.Data.DataStores.FileSystem.Tests\FractalDataWorks.Data.DataStores.FileSystem.Tests.csproj (in 45 ms).
  Restored C:\development\Developer-Kit\tests\FractalDataWorks.Data.DataContainers.Abstractions.Tests\FractalDataWorks.Data.DataContainers.Abstractions.Tests.csproj (in 40 ms).
  Restored C:\development\Developer-Kit\tests\FractalDataWorks.Messages.Tests\FractalDataWorks.Messages.Tests.csproj (in 318 ms).
  Restored C:\development\Developer-Kit\tests\FractalDataWorks.Data.DataStores.Abstractions.Tests\FractalDataWorks.Data.DataStores.Abstractions.Tests.csproj (in 90 ms).
  Restored C:\development\Developer-Kit\tests\FractalDataWorks.Data.Abstractions.Tests\FractalDataWorks.Data.Abstractions.Tests.csproj (in 62 ms).
  Restored C:\development\Developer-Kit\tests\FractalDataWorks.Data.DataStores.Rest.Tests\FractalDataWorks.Data.DataStores.Rest.Tests.csproj (in 98 ms).
  Restored C:\development\Developer-Kit\src\FractalDataWorks.Collections\FractalDataWorks.Collections.csproj (in 115 ms).
  Restored C:\development\Developer-Kit\src\FractalDataWorks.Collections.CodeFixes\FractalDataWorks.Collections.CodeFixes.csproj (in 116 ms).
  Restored C:\development\Developer-Kit\src\FractalDataWorks.DependencyInjection\FractalDataWorks.DependencyInjection.csproj (in 49 ms).
  Restored C:\development\Developer-Kit\tests\FractalDataWorks.Data.DataSets.Abstractions.Tests\FractalDataWorks.Data.DataSets.Abstractions.Tests.csproj (in 94 ms).
  Restored C:\development\Developer-Kit\src\FractalDataWorks.Data.Abstractions\FractalDataWorks.Data.Abstractions.csproj (in 32 ms).
  Restored C:\development\Developer-Kit\src\FractalDataWorks.Commands.Abstractions\FractalDataWorks.Commands.Abstractions.csproj (in 164 ms).
  Restored C:\development\Developer-Kit\tests\FractalDataWorks.Services.Transformations.Abstractions.Tests\FractalDataWorks.Services.Transformations.Abstractions.Tests.csproj (in 318 ms).
  Restored C:\development\Developer-Kit\src\FractalDataWorks.ServiceTypes.Analyzers\FractalDataWorks.ServiceTypes.Analyzers.csproj (in 52 ms).
  Restored C:\development\Developer-Kit\src\FractalDataWorks.EnhancedEnums.Analyzers\FractalDataWorks.EnhancedEnums.Analyzers.csproj (in 42 ms).
  Restored C:\development\Developer-Kit\src\FractalDataWorks.Data.DataContainers.Abstractions\FractalDataWorks.Data.DataContainers.Abstractions.csproj (in 51 ms).
  Restored C:\development\Developer-Kit\src\FractalDataWorks.Data.DataStores\FractalDataWorks.Data.DataStores.csproj (in 118 ms).
  Restored C:\development\Developer-Kit\src\FractalDataWorks.Services.Connections.Abstractions\FractalDataWorks.Services.Connections.Abstractions.csproj (in 309 ms).
  Restored C:\development\Developer-Kit\src\FractalDataWorks.Services.Transformations\FractalDataWorks.Services.Transformations.csproj (in 58 ms).
  Restored C:\development\Developer-Kit\src\FractalDataWorks.Services.SecretManagers\FractalDataWorks.Services.SecretManagers.csproj (in 39 ms).
  Restored C:\development\Developer-Kit\src\FractalDataWorks.Services\FractalDataWorks.Services.csproj (in 88 ms).
  Restored C:\development\Developer-Kit\src\FractalDataWorks.Configuration.Abstractions\FractalDataWorks.Configuration.Abstractions.csproj (in 328 ms).
  Restored C:\development\Developer-Kit\src\FractalDataWorks.Configuration\FractalDataWorks.Configuration.csproj (in 345 ms).
  Restored C:\development\Developer-Kit\tests\FractalDataWorks.Services.Execution.Tests\FractalDataWorks.Services.Execution.Tests.csproj (in 45 ms).
  Restored C:\development\Developer-Kit\tests\FractalDataWorks.Services.Execution.Abstractions.Tests\FractalDataWorks.Services.Execution.Abstractions.Tests.csproj (in 42 ms).
  Restored C:\development\Developer-Kit\tests\FractalDataWorks.Services.Scheduling.Tests\FractalDataWorks.Services.Scheduling.Tests.csproj (in 92 ms).
  Restored C:\development\Developer-Kit\tests\FractalDataWorks.Services.SecretManagers.Abstractions.Tests\FractalDataWorks.Services.SecretManagers.Abstractions.Tests.csproj (in 66 ms).
  Restored C:\development\Developer-Kit\src\FractalDataWorks.Data.DataSets.Abstractions\FractalDataWorks.Data.DataSets.Abstractions.csproj (in 217 ms).
  Restored C:\development\Developer-Kit\src\FractalDataWorks.Services.Transformations.Abstractions\FractalDataWorks.Services.Transformations.Abstractions.csproj (in 86 ms).
  Restored C:\development\Developer-Kit\tests\FractalDataWorks.Services.Scheduling.Abstractions.Tests\FractalDataWorks.Services.Scheduling.Abstractions.Tests.csproj (in 89 ms).
  Restored C:\development\Developer-Kit\src\FractalDataWorks.EnhancedEnums.CodeFixes\FractalDataWorks.EnhancedEnums.CodeFixes.csproj (in 320 ms).
  Restored C:\development\Developer-Kit\src\FractalDataWorks.Services.SecretManagers.AzureKeyVault\FractalDataWorks.Services.SecretManagers.AzureKeyVault.csproj (in 173 ms).
  Restored C:\development\Developer-Kit\src\FractalDataWorks.Services.Execution\FractalDataWorks.Services.Execution.csproj (in 58 ms).
  Restored C:\development\Developer-Kit\src\FractalDataWorks.Services.SecretManagers.Abstractions\FractalDataWorks.Services.SecretManagers.Abstractions.csproj (in 103 ms).
  Restored C:\development\Developer-Kit\tests\FractalDataWorks.Services.Authentication.Tests\FractalDataWorks.Services.Authentication.Tests.csproj (in 28 ms).
  Restored C:\development\Developer-Kit\tests\FractalDataWorks.Services.Abstractions.Tests\FractalDataWorks.Services.Abstractions.Tests.csproj (in 55 ms).
  Restored C:\development\Developer-Kit\tests\FractalDataWorks.Services.SecretManagers.AzureKeyVault.Tests\FractalDataWorks.Services.SecretManagers.AzureKeyVault.Tests.csproj (in 201 ms).
  Restored C:\development\Developer-Kit\tests\FractalDataWorks.Web.RestEndpoints.Tests\FractalDataWorks.Web.RestEndpoints.Tests.csproj (in 342 ms).
  Restored C:\development\Developer-Kit\tests\FractalDataWorks.Configuration.Abstractions.Tests\FractalDataWorks.Configuration.Abstractions.Tests.csproj (in 69 ms).
  Restored C:\development\Developer-Kit\tests\FractalDataWorks.CodeBuilder.Abstractions.Tests\FractalDataWorks.CodeBuilder.Abstractions.Tests.csproj (in 33 ms).
  Restored C:\development\Developer-Kit\tests\FractalDataWorks.Collections.Tests\FractalDataWorks.Collections.Tests.csproj (in 85 ms).
  Restored C:\development\Developer-Kit\tests\FractalDataWorks.Commands.Abstractions.Tests\FractalDataWorks.Commands.Abstractions.Tests.csproj (in 77 ms).
  Restored C:\development\Developer-Kit\src\FractalDataWorks.Services.Execution.Abstractions\FractalDataWorks.Services.Execution.Abstractions.csproj (in 184 ms).
  Restored C:\development\Developer-Kit\tests\FractalDataWorks.Services.Connections.Abstractions.Tests\FractalDataWorks.Services.Connections.Abstractions.Tests.csproj (in 106 ms).
  Restored C:\development\Developer-Kit\tests\FractalDataWorks.Services.Authentication.Entra.Tests\FractalDataWorks.Services.Authentication.Entra.Tests.csproj (in 119 ms).
  Restored C:\development\Developer-Kit\tests\FractalDataWorks.Results.Tests\FractalDataWorks.Results.Tests.csproj (in 136 ms).
  Restored C:\development\Developer-Kit\src\FractalDataWorks.Data.DataStores.FileSystem\FractalDataWorks.Data.DataStores.FileSystem.csproj (in 101 ms).
  Restored C:\development\Developer-Kit\src\FractalDataWorks.Services.Scheduling\FractalDataWorks.Services.Scheduling.csproj (in 171 ms).
  Restored C:\development\Developer-Kit\src\FractalDataWorks.Services.Scheduling.Abstractions\FractalDataWorks.Services.Scheduling.Abstractions.csproj (in 291 ms).
  Restored C:\development\Developer-Kit\src\FractalDataWorks.Data.DataStores.Abstractions\FractalDataWorks.Data.DataStores.Abstractions.csproj (in 32 ms).
  Restored C:\development\Developer-Kit\src\FractalDataWorks.CodeBuilder.CSharp\FractalDataWorks.CodeBuilder.CSharp.csproj (in 78 ms).
  Restored C:\development\Developer-Kit\tests\FractalDataWorks.Configuration.Tests\FractalDataWorks.Configuration.Tests.csproj (in 134 ms).
  Restored C:\development\Developer-Kit\tests\FractalDataWorks.Abstractions.Tests\FractalDataWorks.Abstractions.Tests.csproj (in 156 ms).
  Restored C:\development\Developer-Kit\src\FractalDataWorks.Services.Data\FractalDataWorks.Services.Data.csproj (in 263 ms).
  Restored C:\development\Developer-Kit\src\FractalDataWorks.CodeBuilder.Abstractions\FractalDataWorks.CodeBuilder.Abstractions.csproj (in 73 ms).
  Restored C:\development\Developer-Kit\src\FractalDataWorks.McpTools.Refactoring\FractalDataWorks.McpTools.Refactoring.csproj (in 43 ms).
  Restored C:\development\Developer-Kit\src\FractalDataWorks.Services.Connections.MsSql\FractalDataWorks.Services.Connections.MsSql.csproj (in 66 ms).
  Restored C:\development\Developer-Kit\src\FractalDataWorks.Abstractions\FractalDataWorks.Abstractions.csproj (in 100 ms).
  Restored C:\development\Developer-Kit\src\FractalDataWorks.Data.DataStores.Rest\FractalDataWorks.Data.DataStores.Rest.csproj (in 121 ms).
  Restored C:\development\Developer-Kit\src\FractalDataWorks.McpTools.CodeAnalysis\FractalDataWorks.McpTools.CodeAnalysis.csproj (in 62 ms).
  Restored C:\development\Developer-Kit\src\FractalDataWorks.McpTools.ProjectDependencies\FractalDataWorks.McpTools.ProjectDependencies.csproj (in 66 ms).
  Restored C:\development\Developer-Kit\src\FractalDataWorks.Services.Connections.Rest\FractalDataWorks.Services.Connections.Rest.csproj (in 118 ms).
  Restored C:\development\Developer-Kit\tests\FractalDataWorks.Services.Authentication.Abstractions.Tests\FractalDataWorks.Services.Authentication.Abstractions.Tests.csproj (in 321 ms).
  Restored C:\development\Developer-Kit\tests\FractalDataWorks.Services.Connections.Tests\FractalDataWorks.Services.Connections.Tests.csproj (in 32 ms).
  Restored C:\development\Developer-Kit\src\FractalDataWorks.Collections.Analyzers\FractalDataWorks.Collections.Analyzers.csproj (in 266 ms).
  Restored C:\development\Developer-Kit\src\FractalDataWorks.Services.Data.Abstractions\FractalDataWorks.Services.Data.Abstractions.csproj (in 200 ms).
  Restored C:\development\Developer-Kit\src\FractalDataWorks.EnhancedEnums\FractalDataWorks.EnhancedEnums.csproj (in 102 ms).
  Restored C:\development\Developer-Kit\src\FractalDataWorks.MCP.Abstractions\FractalDataWorks.MCP.Abstractions.csproj (in 136 ms).
  Restored C:\development\Developer-Kit\tests\FractalDataWorks.Services.Connections.Rest.Tests\FractalDataWorks.Services.Connections.Rest.Tests.csproj (in 86 ms).
  Restored C:\development\Developer-Kit\src\FractalDataWorks.McpTools.Abstractions\FractalDataWorks.McpTools.Abstractions.csproj (in 200 ms).
  Restored C:\development\Developer-Kit\tests\FractalDataWorks.Services.Connections.MsSql.Tests\FractalDataWorks.Services.Connections.MsSql.Tests.csproj (in 110 ms).
  Restored C:\development\Developer-Kit\tests\FractalDataWorks.Services.DataGateway.Tests\FractalDataWorks.Services.DataGateway.Tests.csproj (in 64 ms).
  Restored C:\development\Developer-Kit\src\FractalDataWorks.Services.Abstractions\FractalDataWorks.Services.Abstractions.csproj (in 72 ms).
  Restored C:\development\Developer-Kit\src\FractalDataWorks.Results\FractalDataWorks.Results.csproj (in 48 ms).
  Restored C:\development\Developer-Kit\tests\FractalDataWorks.Services.DataGateway.Abstractions.Tests\FractalDataWorks.Services.DataGateway.Abstractions.Tests.csproj (in 102 ms).
  Restored C:\development\Developer-Kit\tests\FractalDataWorks.Services.Connections.Http.Abstractions.Tests\FractalDataWorks.Services.Connections.Http.Abstractions.Tests.csproj (in 196 ms).
  Restored C:\development\Developer-Kit\src\FractalDataWorks.Results.Abstractions\FractalDataWorks.Results.Abstractions.csproj (in 29 ms).
  Restored C:\development\Developer-Kit\src\FractalDataWorks.Services.Authentication\FractalDataWorks.Services.Authentication.csproj (in 97 ms).
  Restored C:\development\Developer-Kit\src\FractalDataWorks.CodeBuilder.Analysis\FractalDataWorks.CodeBuilder.Analysis.csproj (in 144 ms).
  Restored C:\development\Developer-Kit\src\FractalDataWorks.Web.Http.Abstractions\FractalDataWorks.Web.Http.Abstractions.csproj (in 46 ms).
  Restored C:\development\Developer-Kit\src\FractalDataWorks.Services.Connections\FractalDataWorks.Services.Connections.csproj (in 296 ms).
  Restored C:\development\Developer-Kit\src\FractalDataWorks.SourceGenerators\FractalDataWorks.SourceGenerators.csproj (in 59 ms).
  Restored C:\development\Developer-Kit\src\FractalDataWorks.Web.RestEndpoints\FractalDataWorks.Web.RestEndpoints.csproj (in 88 ms).
  Restored C:\development\Developer-Kit\src\FractalDataWorks.CodeBuilder.Analysis.CSharp\FractalDataWorks.CodeBuilder.Analysis.CSharp.csproj (in 365 ms).
  Restored C:\development\Developer-Kit\src\FractalDataWorks.Services.Authentication.Abstractions\FractalDataWorks.Services.Authentication.Abstractions.csproj (in 129 ms).
  Restored C:\development\Developer-Kit\src\FractalDataWorks.Services.Connections.Http.Abstractions\FractalDataWorks.Services.Connections.Http.Abstractions.csproj (in 320 ms).
  Restored C:\development\Developer-Kit\src\FractalDataWorks.Services.Authentication.Entra\FractalDataWorks.Services.Authentication.Entra.csproj (in 159 ms).
  Restored C:\development\Developer-Kit\src\FractalDataWorks.Messages\FractalDataWorks.Messages.csproj (in 38 ms).
  Restored C:\development\Developer-Kit\src\FractalDataWorks.Messages.SourceGenerators\FractalDataWorks.Messages.SourceGenerators.csproj (in 30 ms).
  Restored C:\development\Developer-Kit\src\FractalDataWorks.McpTools.VirtualEditing\FractalDataWorks.McpTools.VirtualEditing.csproj (in 32 ms).
  Restored C:\development\Developer-Kit\src\FractalDataWorks.McpTools.TypeAnalysis\FractalDataWorks.McpTools.TypeAnalysis.csproj (in 32 ms).
  Restored C:\development\Developer-Kit\src\FractalDataWorks.McpTools.ServerManagement\FractalDataWorks.McpTools.ServerManagement.csproj (in 34 ms).
  Restored C:\development\Developer-Kit\src\FractalDataWorks.McpTools.SessionManagement\FractalDataWorks.McpTools.SessionManagement.csproj (in 149 ms).
  Restored C:\development\Developer-Kit\src\FractalDataWorks.ServiceTypes.SourceGenerators\FractalDataWorks.ServiceTypes.SourceGenerators.csproj (in 171 ms).
  Restored C:\development\Developer-Kit\src\FractalDataWorks.ServiceTypes\FractalDataWorks.ServiceTypes.csproj (in 174 ms).
C:\Program Files\dotnet\sdk\10.0.100-rc.1.25451.107\Sdks\Microsoft.NET.Sdk\targets\Microsoft.NET.RuntimeIdentifierInference.targets(345,5): message NETSDK1057: You are using a preview version of .NET. See: https://aka.ms/dotnet-support-policy [C:\development\Developer-Kit\src\FractalDataWorks.DependencyInjection\FractalDataWorks.DependencyInjection.csproj::TargetFramework=netstandard2.0]
C:\Program Files\dotnet\sdk\10.0.100-rc.1.25451.107\Sdks\Microsoft.NET.Sdk\targets\Microsoft.NET.RuntimeIdentifierInference.targets(345,5): message NETSDK1057: You are using a preview version of .NET. See: https://aka.ms/dotnet-support-policy [C:\development\Developer-Kit\src\FractalDataWorks.Messages\FractalDataWorks.Messages.csproj::TargetFramework=netstandard2.0]
C:\Program Files\dotnet\sdk\10.0.100-rc.1.25451.107\Sdks\Microsoft.NET.Sdk\targets\Microsoft.NET.RuntimeIdentifierInference.targets(345,5): message NETSDK1057: You are using a preview version of .NET. See: https://aka.ms/dotnet-support-policy [C:\development\Developer-Kit\src\FractalDataWorks.Services.Transformations.Abstractions\FractalDataWorks.Services.Transformations.Abstractions.csproj::TargetFramework=netstandard2.0]
C:\Program Files\dotnet\sdk\10.0.100-rc.1.25451.107\Sdks\Microsoft.NET.Sdk\targets\Microsoft.NET.RuntimeIdentifierInference.targets(345,5): message NETSDK1057: You are using a preview version of .NET. See: https://aka.ms/dotnet-support-policy [C:\development\Developer-Kit\src\FractalDataWorks.Services\FractalDataWorks.Services.csproj::TargetFramework=net10.0]
C:\Program Files\dotnet\sdk\10.0.100-rc.1.25451.107\Sdks\Microsoft.NET.Sdk\targets\Microsoft.NET.RuntimeIdentifierInference.targets(345,5): message NETSDK1057: You are using a preview version of .NET. See: https://aka.ms/dotnet-support-policy [C:\development\Developer-Kit\src\FractalDataWorks.CodeBuilder.Analysis\FractalDataWorks.CodeBuilder.Analysis.csproj::TargetFramework=netstandard2.0]
C:\Program Files\dotnet\sdk\10.0.100-rc.1.25451.107\Sdks\Microsoft.NET.Sdk\targets\Microsoft.NET.RuntimeIdentifierInference.targets(345,5): message NETSDK1057: You are using a preview version of .NET. See: https://aka.ms/dotnet-support-policy [C:\development\Developer-Kit\src\FractalDataWorks.CodeBuilder.CSharp\FractalDataWorks.CodeBuilder.CSharp.csproj::TargetFramework=netstandard2.0]
C:\Program Files\dotnet\sdk\10.0.100-rc.1.25451.107\Sdks\Microsoft.NET.Sdk\targets\Microsoft.NET.RuntimeIdentifierInference.targets(345,5): message NETSDK1057: You are using a preview version of .NET. See: https://aka.ms/dotnet-support-policy [C:\development\Developer-Kit\src\FractalDataWorks.Services.Abstractions\FractalDataWorks.Services.Abstractions.csproj::TargetFramework=netstandard2.0]
C:\Program Files\dotnet\sdk\10.0.100-rc.1.25451.107\Sdks\Microsoft.NET.Sdk\targets\Microsoft.NET.RuntimeIdentifierInference.targets(345,5): message NETSDK1057: You are using a preview version of .NET. See: https://aka.ms/dotnet-support-policy [C:\development\Developer-Kit\src\FractalDataWorks.CodeBuilder.Analysis.CSharp\FractalDataWorks.CodeBuilder.Analysis.CSharp.csproj::TargetFramework=netstandard2.0]
C:\Program Files\dotnet\sdk\10.0.100-rc.1.25451.107\Sdks\Microsoft.NET.Sdk\targets\Microsoft.NET.RuntimeIdentifierInference.targets(345,5): message NETSDK1057: You are using a preview version of .NET. See: https://aka.ms/dotnet-support-policy [C:\development\Developer-Kit\src\FractalDataWorks.Configuration\FractalDataWorks.Configuration.csproj::TargetFramework=netstandard2.0]
C:\Program Files\dotnet\sdk\10.0.100-rc.1.25451.107\Sdks\Microsoft.NET.Sdk\targets\Microsoft.NET.RuntimeIdentifierInference.targets(345,5): message NETSDK1057: You are using a preview version of .NET. See: https://aka.ms/dotnet-support-policy [C:\development\Developer-Kit\src\FractalDataWorks.Services.Scheduling.Abstractions\FractalDataWorks.Services.Scheduling.Abstractions.csproj::TargetFramework=netstandard2.0]
C:\Program Files\dotnet\sdk\10.0.100-rc.1.25451.107\Sdks\Microsoft.NET.Sdk\targets\Microsoft.NET.RuntimeIdentifierInference.targets(345,5): message NETSDK1057: You are using a preview version of .NET. See: https://aka.ms/dotnet-support-policy [C:\development\Developer-Kit\src\FractalDataWorks.Services.Authentication.Abstractions\FractalDataWorks.Services.Authentication.Abstractions.csproj::TargetFramework=netstandard2.0]
C:\Program Files\dotnet\sdk\10.0.100-rc.1.25451.107\Sdks\Microsoft.NET.Sdk\targets\Microsoft.NET.RuntimeIdentifierInference.targets(345,5): message NETSDK1057: You are using a preview version of .NET. See: https://aka.ms/dotnet-support-policy [C:\development\Developer-Kit\src\FractalDataWorks.EnhancedEnums\FractalDataWorks.EnhancedEnums.csproj::TargetFramework=netstandard2.0]
C:\Program Files\dotnet\sdk\10.0.100-rc.1.25451.107\Sdks\Microsoft.NET.Sdk\targets\Microsoft.NET.RuntimeIdentifierInference.targets(345,5): message NETSDK1057: You are using a preview version of .NET. See: https://aka.ms/dotnet-support-policy [C:\development\Developer-Kit\src\FractalDataWorks.Results\FractalDataWorks.Results.csproj::TargetFramework=netstandard2.0]
C:\Program Files\dotnet\sdk\10.0.100-rc.1.25451.107\Sdks\Microsoft.NET.Sdk\targets\Microsoft.NET.RuntimeIdentifierInference.targets(345,5): message NETSDK1057: You are using a preview version of .NET. See: https://aka.ms/dotnet-support-policy [C:\development\Developer-Kit\src\FractalDataWorks.Configuration.Abstractions\FractalDataWorks.Configuration.Abstractions.csproj::TargetFramework=netstandard2.0]
C:\Program Files\dotnet\sdk\10.0.100-rc.1.25451.107\Sdks\Microsoft.NET.Sdk\targets\Microsoft.NET.RuntimeIdentifierInference.targets(345,5): message NETSDK1057: You are using a preview version of .NET. See: https://aka.ms/dotnet-support-policy [C:\development\Developer-Kit\src\FractalDataWorks.CodeBuilder.Abstractions\FractalDataWorks.CodeBuilder.Abstractions.csproj::TargetFramework=netstandard2.0]
C:\Program Files\dotnet\sdk\10.0.100-rc.1.25451.107\Sdks\Microsoft.NET.Sdk\targets\Microsoft.NET.RuntimeIdentifierInference.targets(345,5): message NETSDK1057: You are using a preview version of .NET. See: https://aka.ms/dotnet-support-policy [C:\development\Developer-Kit\src\FractalDataWorks.EnhancedEnums.Analyzers\FractalDataWorks.EnhancedEnums.Analyzers.csproj::TargetFramework=netstandard2.0]
  FractalDataWorks.Collections -> C:\development\Developer-Kit\src\FractalDataWorks.Collections\bin\Release\netstandard2.0\FractalDataWorks.Collections.dll
  FractalDataWorks.Collections -> C:\development\Developer-Kit\src\FractalDataWorks.Collections\bin\Release\net10.0\FractalDataWorks.Collections.dll
  FractalDataWorks.Abstractions -> C:\development\Developer-Kit\src\FractalDataWorks.Abstractions\bin\Release\netstandard2.0\FractalDataWorks.Abstractions.dll
  FractalDataWorks.CodeBuilder.Analysis -> C:\development\Developer-Kit\src\FractalDataWorks.CodeBuilder.Analysis\bin\Release\netstandard2.0\FractalDataWorks.CodeBuilder.Analysis.dll
  FractalDataWorks.Results.Abstractions -> C:\development\Developer-Kit\src\FractalDataWorks.Results.Abstractions\bin\Release\netstandard2.0\FractalDataWorks.Results.Abstractions.dll
  FractalDataWorks.EnhancedEnums.Analyzers -> C:\development\Developer-Kit\src\FractalDataWorks.EnhancedEnums.Analyzers\bin\Release\netstandard2.0\FractalDataWorks.EnhancedEnums.Analyzers.dll
  FractalDataWorks.ServiceTypes.CodeFixes -> C:\development\Developer-Kit\src\FractalDataWorks.ServiceTypes.CodeFixes\bin\Release\netstandard2.0\FractalDataWorks.ServiceTypes.CodeFixes.dll
  FractalDataWorks.Abstractions -> C:\development\Developer-Kit\src\FractalDataWorks.Abstractions\bin\Release\net10.0\FractalDataWorks.Abstractions.dll
  FractalDataWorks.Collections.CodeFixes -> C:\development\Developer-Kit\src\FractalDataWorks.Collections.CodeFixes\bin\Release\netstandard2.0\FractalDataWorks.Collections.CodeFixes.dll
  FractalDataWorks.Services.Connections.Http.Abstractions.Tests -> C:\development\Developer-Kit\tests\FractalDataWorks.Services.Connections.Http.Abstractions.Tests\bin\Release\net10.0\FractalDataWorks.Services.Connections.Http.Abstractions.Tests.dll
  FractalDataWorks.Services.Connections.Abstractions.Tests -> C:\development\Developer-Kit\tests\FractalDataWorks.Services.Connections.Abstractions.Tests\bin\Release\net10.0\FractalDataWorks.Services.Connections.Abstractions.Tests.dll
  FractalDataWorks.Services.Execution.Abstractions.Tests -> C:\development\Developer-Kit\tests\FractalDataWorks.Services.Execution.Abstractions.Tests\bin\Release\net10.0\FractalDataWorks.Services.Execution.Abstractions.Tests.dll
  FractalDataWorks.Collections.CodeFixes -> C:\development\Developer-Kit\src\FractalDataWorks.Collections.CodeFixes\bin\Release\netstandard2.0\FractalDataWorks.Collections.CodeFixes.dll
  FractalDataWorks.MCP.Abstractions -> C:\development\Developer-Kit\src\FractalDataWorks.MCP.Abstractions\bin\Release\netstandard2.0\FractalDataWorks.MCP.Abstractions.dll
  FractalDataWorks.Services.Execution.Tests -> C:\development\Developer-Kit\tests\FractalDataWorks.Services.Execution.Tests\bin\Release\net10.0\FractalDataWorks.Services.Execution.Tests.dll
  FractalDataWorks.Services.Connections.Rest.Tests -> C:\development\Developer-Kit\tests\FractalDataWorks.Services.Connections.Rest.Tests\bin\Release\net10.0\FractalDataWorks.Services.Connections.Rest.Tests.dll
  FractalDataWorks.Services.Connections.Tests -> C:\development\Developer-Kit\tests\FractalDataWorks.Services.Connections.Tests\bin\Release\net10.0\FractalDataWorks.Services.Connections.Tests.dll
  FractalDataWorks.Services.Authentication.Tests -> C:\development\Developer-Kit\tests\FractalDataWorks.Services.Authentication.Tests\bin\Release\net10.0\FractalDataWorks.Services.Authentication.Tests.dll
  FractalDataWorks.EnhancedEnums -> C:\development\Developer-Kit\src\FractalDataWorks.EnhancedEnums\bin\Release\netstandard2.0\FractalDataWorks.EnhancedEnums.dll
  FractalDataWorks.Collections.Tests -> C:\development\Developer-Kit\tests\FractalDataWorks.Collections.Tests\bin\Release\net10.0\FractalDataWorks.Collections.Tests.dll
  FractalDataWorks.Results.Abstractions.Tests -> C:\development\Developer-Kit\tests\FractalDataWorks.Results.Abstractions.Tests\bin\Release\net10.0\FractalDataWorks.Results.Abstractions.Tests.dll
  FractalDataWorks.Abstractions.Tests -> C:\development\Developer-Kit\tests\FractalDataWorks.Abstractions.Tests\bin\Release\net10.0\FractalDataWorks.Abstractions.Tests.dll
  FractalDataWorks.ServiceTypes.Analyzers -> C:\development\Developer-Kit\src\FractalDataWorks.ServiceTypes.Analyzers\bin\Release\netstandard2.0\FractalDataWorks.ServiceTypes.Analyzers.dll
  FractalDataWorks.Collections.Analyzers -> C:\development\Developer-Kit\src\FractalDataWorks.Collections.Analyzers\bin\Release\netstandard2.0\FractalDataWorks.Collections.Analyzers.dll
  FractalDataWorks.EnhancedEnums -> C:\development\Developer-Kit\src\FractalDataWorks.EnhancedEnums\bin\Release\net10.0\FractalDataWorks.EnhancedEnums.dll
  FractalDataWorks.ServiceTypes.CodeFixes -> C:\development\Developer-Kit\src\FractalDataWorks.ServiceTypes.CodeFixes\bin\Release\netstandard2.0\FractalDataWorks.ServiceTypes.CodeFixes.dll
  FractalDataWorks.EnhancedEnums.CodeFixes -> C:\development\Developer-Kit\src\FractalDataWorks.EnhancedEnums.CodeFixes\bin\Release\netstandard2.0\FractalDataWorks.EnhancedEnums.CodeFixes.dll
  FractalDataWorks.EnhancedEnums.Tests -> C:\development\Developer-Kit\tests\FractalDataWorks.EnhancedEnums.Tests\bin\Release\net10.0\FractalDataWorks.EnhancedEnums.Tests.dll
  FractalDataWorks.Messages -> C:\development\Developer-Kit\src\FractalDataWorks.Messages\bin\Release\netstandard2.0\FractalDataWorks.Messages.dll
  ðŸ“¦ Public Project: FractalDataWorks.Results
  FractalDataWorks.Messages.Tests -> C:\development\Developer-Kit\tests\FractalDataWorks.Messages.Tests\bin\Release\net10.0\FractalDataWorks.Messages.Tests.dll
  FractalDataWorks.Results -> C:\development\Developer-Kit\src\FractalDataWorks.Results\bin\Release\netstandard2.0\FractalDataWorks.Results.dll
C:\Program Files\dotnet\sdk\10.0.100-rc.1.25451.107\Sdks\NuGet.Build.Tasks.Pack\buildCrossTargeting\NuGet.Build.Tasks.Pack.targets(221,5): error NU5118: Warning As Error: File 'C:\development\Developer-Kit\src\FractalDataWorks.EnhancedEnums\README.md' is not added because the package already contains file '\README.md' [C:\development\Developer-Kit\src\FractalDataWorks.EnhancedEnums\FractalDataWorks.EnhancedEnums.csproj]
  FractalDataWorks.CodeBuilder.Abstractions -> C:\development\Developer-Kit\src\FractalDataWorks.CodeBuilder.Abstractions\bin\Release\netstandard2.0\FractalDataWorks.CodeBuilder.Abstractions.dll
  FractalDataWorks.McpTools.Abstractions -> C:\development\Developer-Kit\src\FractalDataWorks.McpTools.Abstractions\bin\Release\netstandard2.0\FractalDataWorks.McpTools.Abstractions.dll
C:\development\Developer-Kit\tests\FractalDataWorks.Results.Tests\GenericResultOfTTests.cs(522,9): warning CS8602: Dereference of a possibly null reference. [C:\development\Developer-Kit\tests\FractalDataWorks.Results.Tests\FractalDataWorks.Results.Tests.csproj]
  FractalDataWorks.Results.Tests -> C:\development\Developer-Kit\tests\FractalDataWorks.Results.Tests\bin\Release\net10.0\FractalDataWorks.Results.Tests.dll
  FractalDataWorks.CodeBuilder.Abstractions.Tests -> C:\development\Developer-Kit\tests\FractalDataWorks.CodeBuilder.Abstractions.Tests\bin\Release\net10.0\FractalDataWorks.CodeBuilder.Abstractions.Tests.dll
  FractalDataWorks.CodeBuilder.CSharp -> C:\development\Developer-Kit\src\FractalDataWorks.CodeBuilder.CSharp\bin\Release\netstandard2.0\FractalDataWorks.CodeBuilder.CSharp.dll
  FractalDataWorks.CodeBuilder.Analysis.CSharp -> C:\development\Developer-Kit\src\FractalDataWorks.CodeBuilder.Analysis.CSharp\bin\Release\netstandard2.0\FractalDataWorks.CodeBuilder.Analysis.CSharp.dll
  FractalDataWorks.SourceGenerators -> C:\development\Developer-Kit\src\FractalDataWorks.SourceGenerators\bin\Release\netstandard2.0\FractalDataWorks.SourceGenerators.dll
  FractalDataWorks.Messages.SourceGenerators -> C:\development\Developer-Kit\src\FractalDataWorks.Messages.SourceGenerators\bin\Release\netstandard2.0\FractalDataWorks.Messages.SourceGenerators.dll
  ILRepack: Merging assemblies directly to bin\Release\netstandard2.0\FractalDataWorks.Messages.SourceGenerators.dll
  Added assembly 'bin\Release\netstandard2.0\FractalDataWorks.Messages.SourceGenerators.original.dll'
  Added assembly 'bin\Release\netstandard2.0\FractalDataWorks.CodeBuilder.Abstractions.dll'
  Added assembly 'bin\Release\netstandard2.0\FractalDataWorks.CodeBuilder.CSharp.dll'
  Added assembly 'bin\Release\netstandard2.0\FractalDataWorks.Messages.dll'
  Added assembly 'bin\Release\netstandard2.0\FractalDataWorks.SourceGenerators.dll'
  Merging 5 assemblies to 'bin\Release\netstandard2.0\FractalDataWorks.Messages.SourceGenerators.dll'
  FractalDataWorks.EnhancedEnums.SourceGenerators -> C:\development\Developer-Kit\src\FractalDataWorks.EnhancedEnums.SourceGenerators\bin\Release\netstandard2.0\FractalDataWorks.EnhancedEnums.SourceGenerators.dll
  ILRepack: Merging assemblies directly to bin\Release\netstandard2.0\FractalDataWorks.EnhancedEnums.SourceGenerators.dll
  Added assembly 'bin\Release\netstandard2.0\FractalDataWorks.EnhancedEnums.SourceGenerators.original.dll'
  Added assembly 'bin\Release\netstandard2.0\FractalDataWorks.CodeBuilder.Abstractions.dll'
  Added assembly 'bin\Release\netstandard2.0\FractalDataWorks.CodeBuilder.CSharp.dll'
  Added assembly 'bin\Release\netstandard2.0\FractalDataWorks.EnhancedEnums.dll'
  Added assembly 'bin\Release\netstandard2.0\FractalDataWorks.EnhancedEnums.Analyzers.dll'
  Added assembly 'bin\Release\netstandard2.0\FractalDataWorks.SourceGenerators.dll'
  Merging 6 assemblies to 'bin\Release\netstandard2.0\FractalDataWorks.EnhancedEnums.SourceGenerators.dll'
  FractalDataWorks.Collections.SourceGenerators -> C:\development\Developer-Kit\src\FractalDataWorks.Collections.SourceGenerators\bin\Release\netstandard2.0\FractalDataWorks.Collections.SourceGenerators.dll
  ILRepack: Merging assemblies directly to bin\Release\netstandard2.0\FractalDataWorks.Collections.SourceGenerators.dll
  Added assembly 'bin\Release\netstandard2.0\FractalDataWorks.Collections.SourceGenerators.original.dll'
  Added assembly 'bin\Release\netstandard2.0\FractalDataWorks.SourceGenerators.dll'
  Added assembly 'bin\Release\netstandard2.0\FractalDataWorks.CodeBuilder.Abstractions.dll'
  Added assembly 'bin\Release\netstandard2.0\FractalDataWorks.CodeBuilder.CSharp.dll'
  Added assembly 'bin\Release\netstandard2.0\FractalDataWorks.Collections.dll'
  Added assembly 'bin\Release\netstandard2.0\FractalDataWorks.Collections.Analyzers.dll'
  Merging 6 assemblies to 'bin\Release\netstandard2.0\FractalDataWorks.Collections.SourceGenerators.dll'
  Merge succeeded in 1.2090405 s
  ILRepack: Successfully merged source generator dependencies
  Merge succeeded in 1.2111876 s
  ILRepack: Successfully merged source generator dependencies
  Merge succeeded in 1.4261467 s
  ILRepack: Successfully merged source generator dependencies
  FractalDataWorks.Configuration.Abstractions -> C:\development\Developer-Kit\src\FractalDataWorks.Configuration.Abstractions\bin\Release\netstandard2.0\FractalDataWorks.Configuration.Abstractions.dll
  FractalDataWorks.Configuration.Abstractions.Tests -> C:\development\Developer-Kit\tests\FractalDataWorks.Configuration.Abstractions.Tests\bin\Release\net10.0\FractalDataWorks.Configuration.Abstractions.Tests.dll
  FractalDataWorks.ServiceTypes -> C:\development\Developer-Kit\src\FractalDataWorks.ServiceTypes\bin\Release\netstandard2.0\FractalDataWorks.ServiceTypes.dll
  FractalDataWorks.ServiceTypes -> C:\development\Developer-Kit\src\FractalDataWorks.ServiceTypes\bin\Release\net10.0\FractalDataWorks.ServiceTypes.dll
  FractalDataWorks.Configuration -> C:\development\Developer-Kit\src\FractalDataWorks.Configuration\bin\Release\netstandard2.0\FractalDataWorks.Configuration.dll
  FractalDataWorks.ServiceTypes.SourceGenerators -> C:\development\Developer-Kit\src\FractalDataWorks.ServiceTypes.SourceGenerators\bin\Release\netstandard2.0\FractalDataWorks.ServiceTypes.SourceGenerators.dll
  ILRepack: Merging assemblies directly to bin\Release\netstandard2.0\FractalDataWorks.ServiceTypes.SourceGenerators.dll
  Added assembly 'bin\Release\netstandard2.0\FractalDataWorks.ServiceTypes.SourceGenerators.original.dll'
  Added assembly 'bin\Release\netstandard2.0\FractalDataWorks.SourceGenerators.dll'
  Added assembly 'bin\Release\netstandard2.0\FractalDataWorks.CodeBuilder.Abstractions.dll'
  Added assembly 'bin\Release\netstandard2.0\FractalDataWorks.CodeBuilder.CSharp.dll'
  Added assembly 'bin\Release\netstandard2.0\FractalDataWorks.ServiceTypes.dll'
  Added assembly 'bin\Release\netstandard2.0\FractalDataWorks.ServiceTypes.Analyzers.dll'
  Merging 6 assemblies to 'bin\Release\netstandard2.0\FractalDataWorks.ServiceTypes.SourceGenerators.dll'
  FractalDataWorks.ServiceTypes.Tests -> C:\development\Developer-Kit\tests\FractalDataWorks.ServiceTypes.Tests\bin\Release\net10.0\FractalDataWorks.ServiceTypes.Tests.dll
  FractalDataWorks.McpTools.VirtualEditing -> C:\development\Developer-Kit\src\FractalDataWorks.McpTools.VirtualEditing\bin\Release\net10.0\FractalDataWorks.McpTools.VirtualEditing.dll
  FractalDataWorks.McpTools.CodeAnalysis -> C:\development\Developer-Kit\src\FractalDataWorks.McpTools.CodeAnalysis\bin\Release\net10.0\FractalDataWorks.McpTools.CodeAnalysis.dll
  FractalDataWorks.McpTools.TypeAnalysis -> C:\development\Developer-Kit\src\FractalDataWorks.McpTools.TypeAnalysis\bin\Release\net10.0\FractalDataWorks.McpTools.TypeAnalysis.dll
  FractalDataWorks.McpTools.ProjectDependencies -> C:\development\Developer-Kit\src\FractalDataWorks.McpTools.ProjectDependencies\bin\Release\net10.0\FractalDataWorks.McpTools.ProjectDependencies.dll
C:\development\Developer-Kit\tests\FractalDataWorks.Configuration.Tests\ConfigurationBaseTests.cs(64,9): warning CS8602: Dereference of a possibly null reference. [C:\development\Developer-Kit\tests\FractalDataWorks.Configuration.Tests\FractalDataWorks.Configuration.Tests.csproj]
C:\development\Developer-Kit\tests\FractalDataWorks.Configuration.Tests\ConfigurationBaseTests.cs(81,9): warning CS8602: Dereference of a possibly null reference. [C:\development\Developer-Kit\tests\FractalDataWorks.Configuration.Tests\FractalDataWorks.Configuration.Tests.csproj]
  FractalDataWorks.McpTools.SessionManagement -> C:\development\Developer-Kit\src\FractalDataWorks.McpTools.SessionManagement\bin\Release\net10.0\FractalDataWorks.McpTools.SessionManagement.dll
C:\development\Developer-Kit\tests\FractalDataWorks.Configuration.Tests\ConfigurationBaseTests.cs(99,9): warning CS8602: Dereference of a possibly null reference. [C:\development\Developer-Kit\tests\FractalDataWorks.Configuration.Tests\FractalDataWorks.Configuration.Tests.csproj]
C:\development\Developer-Kit\tests\FractalDataWorks.Configuration.Tests\JsonConfigurationSourceTests.cs(114,9): warning CS8604: Possible null reference argument for parameter 'source' in 'int Enumerable.Count<TestConfig>(IEnumerable<TestConfig> source)'. [C:\development\Developer-Kit\tests\FractalDataWorks.Configuration.Tests\FractalDataWorks.Configuration.Tests.csproj]
C:\development\Developer-Kit\tests\FractalDataWorks.Configuration.Tests\JsonConfigurationSourceTests.cs(152,9): warning CS8604: Possible null reference argument for parameter 'actual' in 'void ShouldBeStringTestExtensions.ShouldContain(string actual, string expected, Case caseSensitivity = Case.Insensitive, string? customMessage = null)'. [C:\development\Developer-Kit\tests\FractalDataWorks.Configuration.Tests\FractalDataWorks.Configuration.Tests.csproj]
C:\development\Developer-Kit\tests\FractalDataWorks.Configuration.Tests\JsonConfigurationSourceTests.cs(179,9): warning CS8604: Possible null reference argument for parameter 'actual' in 'void ShouldBeStringTestExtensions.ShouldContain(string actual, string expected, Case caseSensitivity = Case.Insensitive, string? customMessage = null)'. [C:\development\Developer-Kit\tests\FractalDataWorks.Configuration.Tests\FractalDataWorks.Configuration.Tests.csproj]
C:\development\Developer-Kit\tests\FractalDataWorks.Configuration.Tests\JsonConfigurationSourceTests.cs(198,9): warning CS8604: Possible null reference argument for parameter 'source' in 'int Enumerable.Count<TestConfig>(IEnumerable<TestConfig> source)'. [C:\development\Developer-Kit\tests\FractalDataWorks.Configuration.Tests\FractalDataWorks.Configuration.Tests.csproj]
C:\development\Developer-Kit\tests\FractalDataWorks.Configuration.Tests\JsonConfigurationSourceTests.cs(231,9): warning CS8602: Dereference of a possibly null reference. [C:\development\Developer-Kit\tests\FractalDataWorks.Configuration.Tests\FractalDataWorks.Configuration.Tests.csproj]
C:\development\Developer-Kit\tests\FractalDataWorks.Configuration.Tests\JsonConfigurationSourceTests.cs(235,23): warning CS1998: This async method lacks 'await' operators and will run synchronously. Consider using the 'await' operator to await non-blocking API calls, or 'await Task.Run(...)' to do CPU-bound work on a background thread. [C:\development\Developer-Kit\tests\FractalDataWorks.Configuration.Tests\FractalDataWorks.Configuration.Tests.csproj]
  FractalDataWorks.McpTools.ServerManagement -> C:\development\Developer-Kit\src\FractalDataWorks.McpTools.ServerManagement\bin\Release\net10.0\FractalDataWorks.McpTools.ServerManagement.dll
  FractalDataWorks.Data.DataSets.Abstractions -> C:\development\Developer-Kit\src\FractalDataWorks.Data.DataSets.Abstractions\bin\Release\netstandard2.0\FractalDataWorks.Data.DataSets.Abstractions.dll
  FractalDataWorks.McpTools.Refactoring -> C:\development\Developer-Kit\src\FractalDataWorks.McpTools.Refactoring\bin\Release\net10.0\FractalDataWorks.McpTools.Refactoring.dll
  FractalDataWorks.DependencyInjection -> C:\development\Developer-Kit\src\FractalDataWorks.DependencyInjection\bin\Release\netstandard2.0\FractalDataWorks.DependencyInjection.dll
  FractalDataWorks.Configuration.Tests -> C:\development\Developer-Kit\tests\FractalDataWorks.Configuration.Tests\bin\Release\net10.0\FractalDataWorks.Configuration.Tests.dll
  FractalDataWorks.Data.DataSets.Abstractions.Tests -> C:\development\Developer-Kit\tests\FractalDataWorks.Data.DataSets.Abstractions.Tests\bin\Release\net10.0\FractalDataWorks.Data.DataSets.Abstractions.Tests.dll
  FractalDataWorks.DependencyInjection.Tests -> C:\development\Developer-Kit\tests\FractalDataWorks.DependencyInjection.Tests\bin\Release\net10.0\FractalDataWorks.DependencyInjection.Tests.dll
  Merge succeeded in 2.1350273 s
  ILRepack: Successfully merged source generator dependencies
  FractalDataWorks.Data.Abstractions -> C:\development\Developer-Kit\src\FractalDataWorks.Data.Abstractions\bin\Release\netstandard2.0\FractalDataWorks.Data.Abstractions.dll
  FractalDataWorks.Services.Abstractions -> C:\development\Developer-Kit\src\FractalDataWorks.Services.Abstractions\bin\Release\netstandard2.0\FractalDataWorks.Services.Abstractions.dll
  FractalDataWorks.Data.DataStores.Abstractions -> C:\development\Developer-Kit\src\FractalDataWorks.Data.DataStores.Abstractions\bin\Release\netstandard2.0\FractalDataWorks.Data.DataStores.Abstractions.dll
  FractalDataWorks.Services.Execution.Abstractions -> C:\development\Developer-Kit\src\FractalDataWorks.Services.Execution.Abstractions\bin\Release\netstandard2.0\FractalDataWorks.Services.Execution.Abstractions.dll
  FractalDataWorks.Services.Abstractions.Tests -> C:\development\Developer-Kit\tests\FractalDataWorks.Services.Abstractions.Tests\bin\Release\net10.0\FractalDataWorks.Services.Abstractions.Tests.dll
  FractalDataWorks.Services.SecretManagers.Abstractions -> C:\development\Developer-Kit\src\FractalDataWorks.Services.SecretManagers.Abstractions\bin\Release\netstandard2.0\FractalDataWorks.Services.SecretManagers.Abstractions.dll
  FractalDataWorks.Data.Abstractions.Tests -> C:\development\Developer-Kit\tests\FractalDataWorks.Data.Abstractions.Tests\bin\Release\net10.0\FractalDataWorks.Data.Abstractions.Tests.dll
  FractalDataWorks.Data.DataStores.FileSystem -> C:\development\Developer-Kit\src\FractalDataWorks.Data.DataStores.FileSystem\bin\Release\netstandard2.0\FractalDataWorks.Data.DataStores.FileSystem.dll
  FractalDataWorks.Data.DataStores.Rest -> C:\development\Developer-Kit\src\FractalDataWorks.Data.DataStores.Rest\bin\Release\netstandard2.0\FractalDataWorks.Data.DataStores.Rest.dll
  FractalDataWorks.Commands.Abstractions -> C:\development\Developer-Kit\src\FractalDataWorks.Commands.Abstractions\bin\Release\netstandard2.0\FractalDataWorks.Commands.Abstractions.dll
  FractalDataWorks.Data.DataStores.SqlServer -> C:\development\Developer-Kit\src\FractalDataWorks.Data.DataStores.SqlServer\bin\Release\netstandard2.0\FractalDataWorks.Data.DataStores.SqlServer.dll
  FractalDataWorks.Services.Connections.Abstractions -> C:\development\Developer-Kit\src\FractalDataWorks.Services.Connections.Abstractions\bin\Release\netstandard2.0\FractalDataWorks.Services.Connections.Abstractions.dll
  FractalDataWorks.Data.DataContainers.Abstractions -> C:\development\Developer-Kit\src\FractalDataWorks.Data.DataContainers.Abstractions\bin\Release\netstandard2.0\FractalDataWorks.Data.DataContainers.Abstractions.dll
  FractalDataWorks.Data.DataStores -> C:\development\Developer-Kit\src\FractalDataWorks.Data.DataStores\bin\Release\net10.0\FractalDataWorks.Data.DataStores.dll
  FractalDataWorks.Web.Http.Abstractions -> C:\development\Developer-Kit\src\FractalDataWorks.Web.Http.Abstractions\bin\Release\netstandard2.0\FractalDataWorks.Web.Http.Abstractions.dll
  FractalDataWorks.Data.DataStores.Abstractions.Tests -> C:\development\Developer-Kit\tests\FractalDataWorks.Data.DataStores.Abstractions.Tests\bin\Release\net10.0\FractalDataWorks.Data.DataStores.Abstractions.Tests.dll
  FractalDataWorks.Services.Scheduling.Abstractions -> C:\development\Developer-Kit\src\FractalDataWorks.Services.Scheduling.Abstractions\bin\Release\netstandard2.0\FractalDataWorks.Services.Scheduling.Abstractions.dll
  FractalDataWorks.Services.Data.Abstractions -> C:\development\Developer-Kit\src\FractalDataWorks.Services.Data.Abstractions\bin\Release\netstandard2.0\FractalDataWorks.Services.Data.Abstractions.dll
  FractalDataWorks.Data.DataStores.FileSystem.Tests -> C:\development\Developer-Kit\tests\FractalDataWorks.Data.DataStores.FileSystem.Tests\bin\Release\net10.0\FractalDataWorks.Data.DataStores.FileSystem.Tests.dll
  FractalDataWorks.Commands.Abstractions.Tests -> C:\development\Developer-Kit\tests\FractalDataWorks.Commands.Abstractions.Tests\bin\Release\net10.0\FractalDataWorks.Commands.Abstractions.Tests.dll
  FractalDataWorks.Services -> C:\development\Developer-Kit\src\FractalDataWorks.Services\bin\Release\net10.0\FractalDataWorks.Services.dll
  FractalDataWorks.Services.Connections -> C:\development\Developer-Kit\src\FractalDataWorks.Services.Connections\bin\Release\net10.0\FractalDataWorks.Services.Connections.dll
  FractalDataWorks.Services.Transformations.Abstractions -> C:\development\Developer-Kit\src\FractalDataWorks.Services.Transformations.Abstractions\bin\Release\netstandard2.0\FractalDataWorks.Services.Transformations.Abstractions.dll
  FractalDataWorks.Services.Connections.Http.Abstractions -> C:\development\Developer-Kit\src\FractalDataWorks.Services.Connections.Http.Abstractions\bin\Release\netstandard2.0\FractalDataWorks.Services.Connections.Http.Abstractions.dll
  FractalDataWorks.Services.Tests -> C:\development\Developer-Kit\tests\FractalDataWorks.Services.Tests\bin\Release\net10.0\FractalDataWorks.Services.Tests.dll
  FractalDataWorks.Services.DataGateway.Abstractions.Tests -> C:\development\Developer-Kit\tests\FractalDataWorks.Services.DataGateway.Abstractions.Tests\bin\Release\net10.0\FractalDataWorks.Services.DataGateway.Abstractions.Tests.dll
  FractalDataWorks.Services.Data -> C:\development\Developer-Kit\src\FractalDataWorks.Services.Data\bin\Release\net10.0\FractalDataWorks.Services.Data.dll
  FractalDataWorks.Data.DataStores.SqlServer.Tests -> C:\development\Developer-Kit\tests\FractalDataWorks.Data.DataStores.SqlServer.Tests\bin\Release\net10.0\FractalDataWorks.Data.DataStores.SqlServer.Tests.dll
  FractalDataWorks.Services.SecretManagers.Abstractions.Tests -> C:\development\Developer-Kit\tests\FractalDataWorks.Services.SecretManagers.Abstractions.Tests\bin\Release\net10.0\FractalDataWorks.Services.SecretManagers.Abstractions.Tests.dll
  FractalDataWorks.Services.SecretManagers -> C:\development\Developer-Kit\src\FractalDataWorks.Services.SecretManagers\bin\Release\net10.0\FractalDataWorks.Services.SecretManagers.dll
  FractalDataWorks.Services.Execution -> C:\development\Developer-Kit\src\FractalDataWorks.Services.Execution\bin\Release\net10.0\FractalDataWorks.Services.Execution.dll
  FractalDataWorks.Services.Authentication.Abstractions -> C:\development\Developer-Kit\src\FractalDataWorks.Services.Authentication.Abstractions\bin\Release\netstandard2.0\FractalDataWorks.Services.Authentication.Abstractions.dll
C:\development\Developer-Kit\src\FractalDataWorks.Services.Connections.MsSql\MsSqlService.cs(27,36): error CS0246: The type or namespace name 'ConnectionBase<,,>' could not be found (are you missing a using directive or an assembly reference?) [C:\development\Developer-Kit\src\FractalDataWorks.Services.Connections.MsSql\FractalDataWorks.Services.Connections.MsSql.csproj::TargetFramework=net10.0]
C:\development\Developer-Kit\src\FractalDataWorks.Services.Connections.MsSql\MsSqlService.cs(64,32): error CS0628: 'MsSqlService.QueryTranslator': new protected member declared in sealed type [C:\development\Developer-Kit\src\FractalDataWorks.Services.Connections.MsSql\FractalDataWorks.Services.Connections.MsSql.csproj::TargetFramework=net10.0]
  FractalDataWorks.Web.Http.Abstractions.Tests -> C:\development\Developer-Kit\tests\FractalDataWorks.Web.Http.Abstractions.Tests\bin\Release\net10.0\FractalDataWorks.Web.Http.Abstractions.Tests.dll
  FractalDataWorks.Data.DataStores.Tests -> C:\development\Developer-Kit\tests\FractalDataWorks.Data.DataStores.Tests\bin\Release\net10.0\FractalDataWorks.Data.DataStores.Tests.dll
C:\development\Developer-Kit\tests\FractalDataWorks.Services.Scheduling.Abstractions.Tests\TriggerTypes\ManualTriggerTests.cs(147,9): error CS1929: 'bool' does not contain a definition for 'ShouldContain' and the best extension method overload 'ShouldBeEnumerableTestExtensions.ShouldContain<string>(IEnumerable<string>, string, string?)' requires a receiver of type 'System.Collections.Generic.IEnumerable<string>' [C:\development\Developer-Kit\tests\FractalDataWorks.Services.Scheduling.Abstractions.Tests\FractalDataWorks.Services.Scheduling.Abstractions.Tests.csproj]
  FractalDataWorks.Data.DataStores.Rest.Tests -> C:\development\Developer-Kit\tests\FractalDataWorks.Data.DataStores.Rest.Tests\bin\Release\net10.0\FractalDataWorks.Data.DataStores.Rest.Tests.dll
C:\development\Developer-Kit\tests\FractalDataWorks.Services.Scheduling.Abstractions.Tests\TriggerTypes\ManualTriggerTests.cs(182,9): error CS1929: 'bool' does not contain a definition for 'ShouldContain' and the best extension method overload 'ShouldBeEnumerableTestExtensions.ShouldContain<string>(IEnumerable<string>, string, string?)' requires a receiver of type 'System.Collections.Generic.IEnumerable<string>' [C:\development\Developer-Kit\tests\FractalDataWorks.Services.Scheduling.Abstractions.Tests\FractalDataWorks.Services.Scheduling.Abstractions.Tests.csproj]
C:\development\Developer-Kit\tests\FractalDataWorks.Services.Scheduling.Abstractions.Tests\TriggerTypes\ManualTriggerTests.cs(217,9): error CS1929: 'bool' does not contain a definition for 'ShouldContain' and the best extension method overload 'ShouldBeEnumerableTestExtensions.ShouldContain<string>(IEnumerable<string>, string, string?)' requires a receiver of type 'System.Collections.Generic.IEnumerable<string>' [C:\development\Developer-Kit\tests\FractalDataWorks.Services.Scheduling.Abstractions.Tests\FractalDataWorks.Services.Scheduling.Abstractions.Tests.csproj]
C:\development\Developer-Kit\tests\FractalDataWorks.Services.Scheduling.Abstractions.Tests\TriggerTypes\CronTriggerTests.cs(176,9): error CS1929: 'bool' does not contain a definition for 'ShouldNotBeNullOrEmpty' and the best extension method overload 'ShouldBeStringTestExtensions.ShouldNotBeNullOrEmpty(string?, string?)' requires a receiver of type 'string?' [C:\development\Developer-Kit\tests\FractalDataWorks.Services.Scheduling.Abstractions.Tests\FractalDataWorks.Services.Scheduling.Abstractions.Tests.csproj]
C:\development\Developer-Kit\tests\FractalDataWorks.Services.Scheduling.Abstractions.Tests\TriggerTypes\CronTriggerTests.cs(205,9): error CS1929: 'bool' does not contain a definition for 'ShouldContain' and the best extension method overload 'ShouldBeEnumerableTestExtensions.ShouldContain<string>(IEnumerable<string>, string, string?)' requires a receiver of type 'System.Collections.Generic.IEnumerable<string>' [C:\development\Developer-Kit\tests\FractalDataWorks.Services.Scheduling.Abstractions.Tests\FractalDataWorks.Services.Scheduling.Abstractions.Tests.csproj]
C:\development\Developer-Kit\tests\FractalDataWorks.Services.Scheduling.Abstractions.Tests\TriggerTypes\CronTriggerTests.cs(223,9): error CS1929: 'bool' does not contain a definition for 'ShouldContain' and the best extension method overload 'ShouldBeEnumerableTestExtensions.ShouldContain<string>(IEnumerable<string>, string, string?)' requires a receiver of type 'System.Collections.Generic.IEnumerable<string>' [C:\development\Developer-Kit\tests\FractalDataWorks.Services.Scheduling.Abstractions.Tests\FractalDataWorks.Services.Scheduling.Abstractions.Tests.csproj]
C:\development\Developer-Kit\tests\FractalDataWorks.Services.DataGateway.Tests\DataGatewayServiceTests.cs(48,28): warning xUnit1051: Calls to methods which accept CancellationToken should use TestContext.Current.CancellationToken to allow test cancellation to be more responsive. (https://xunit.net/xunit.analyzers/rules/xUnit1051) [C:\development\Developer-Kit\tests\FractalDataWorks.Services.DataGateway.Tests\FractalDataWorks.Services.DataGateway.Tests.csproj]
C:\development\Developer-Kit\tests\FractalDataWorks.Services.Scheduling.Abstractions.Tests\TriggerTypes\CronTriggerTests.cs(259,9): error CS1929: 'bool' does not contain a definition for 'ShouldContain' and the best extension method overload 'ShouldBeEnumerableTestExtensions.ShouldContain<string>(IEnumerable<string>, string, string?)' requires a receiver of type 'System.Collections.Generic.IEnumerable<string>' [C:\development\Developer-Kit\tests\FractalDataWorks.Services.Scheduling.Abstractions.Tests\FractalDataWorks.Services.Scheduling.Abstractions.Tests.csproj]
C:\development\Developer-Kit\tests\FractalDataWorks.Services.DataGateway.Tests\DataGatewayServiceTests.cs(69,28): warning xUnit1051: Calls to methods which accept CancellationToken should use TestContext.Current.CancellationToken to allow test cancellation to be more responsive. (https://xunit.net/xunit.analyzers/rules/xUnit1051) [C:\development\Developer-Kit\tests\FractalDataWorks.Services.DataGateway.Tests\FractalDataWorks.Services.DataGateway.Tests.csproj]
C:\development\Developer-Kit\tests\FractalDataWorks.Services.Scheduling.Abstractions.Tests\TriggerTypes\IntervalTriggerTests.cs(245,9): error CS1929: 'bool' does not contain a definition for 'ShouldContain' and the best extension method overload 'ShouldBeEnumerableTestExtensions.ShouldContain<string>(IEnumerable<string>, string, string?)' requires a receiver of type 'System.Collections.Generic.IEnumerable<string>' [C:\development\Developer-Kit\tests\FractalDataWorks.Services.Scheduling.Abstractions.Tests\FractalDataWorks.Services.Scheduling.Abstractions.Tests.csproj]
C:\development\Developer-Kit\tests\FractalDataWorks.Services.DataGateway.Tests\DataGatewayServiceTests.cs(95,28): warning xUnit1051: Calls to methods which accept CancellationToken should use TestContext.Current.CancellationToken to allow test cancellation to be more responsive. (https://xunit.net/xunit.analyzers/rules/xUnit1051) [C:\development\Developer-Kit\tests\FractalDataWorks.Services.DataGateway.Tests\FractalDataWorks.Services.DataGateway.Tests.csproj]
C:\development\Developer-Kit\tests\FractalDataWorks.Services.Scheduling.Abstractions.Tests\TriggerTypes\CronTriggerTests.cs(295,9): error CS1929: 'bool' does not contain a definition for 'ShouldContain' and the best extension method overload 'ShouldBeEnumerableTestExtensions.ShouldContain<string>(IEnumerable<string>, string, string?)' requires a receiver of type 'System.Collections.Generic.IEnumerable<string>' [C:\development\Developer-Kit\tests\FractalDataWorks.Services.Scheduling.Abstractions.Tests\FractalDataWorks.Services.Scheduling.Abstractions.Tests.csproj]
C:\development\Developer-Kit\tests\FractalDataWorks.Services.DataGateway.Tests\DataGatewayServiceTests.cs(151,15): warning xUnit1051: Calls to methods which accept CancellationToken should use TestContext.Current.CancellationToken to allow test cancellation to be more responsive. (https://xunit.net/xunit.analyzers/rules/xUnit1051) [C:\development\Developer-Kit\tests\FractalDataWorks.Services.DataGateway.Tests\FractalDataWorks.Services.DataGateway.Tests.csproj]
C:\development\Developer-Kit\tests\FractalDataWorks.Services.DataGateway.Tests\DataGatewayServiceTests.cs(178,15): warning xUnit1051: Calls to methods which accept CancellationToken should use TestContext.Current.CancellationToken to allow test cancellation to be more responsive. (https://xunit.net/xunit.analyzers/rules/xUnit1051) [C:\development\Developer-Kit\tests\FractalDataWorks.Services.DataGateway.Tests\FractalDataWorks.Services.DataGateway.Tests.csproj]
C:\development\Developer-Kit\tests\FractalDataWorks.Services.Scheduling.Abstractions.Tests\TriggerTypes\IntervalTriggerTests.cs(263,9): error CS1929: 'bool' does not contain a definition for 'ShouldContain' and the best extension method overload 'ShouldBeEnumerableTestExtensions.ShouldContain<string>(IEnumerable<string>, string, string?)' requires a receiver of type 'System.Collections.Generic.IEnumerable<string>' [C:\development\Developer-Kit\tests\FractalDataWorks.Services.Scheduling.Abstractions.Tests\FractalDataWorks.Services.Scheduling.Abstractions.Tests.csproj]
C:\development\Developer-Kit\tests\FractalDataWorks.Services.Scheduling.Abstractions.Tests\TriggerTypes\IntervalTriggerTests.cs(316,9): error CS1929: 'bool' does not contain a definition for 'ShouldContain' and the best extension method overload 'ShouldBeEnumerableTestExtensions.ShouldContain<string>(IEnumerable<string>, string, string?)' requires a receiver of type 'System.Collections.Generic.IEnumerable<string>' [C:\development\Developer-Kit\tests\FractalDataWorks.Services.Scheduling.Abstractions.Tests\FractalDataWorks.Services.Scheduling.Abstractions.Tests.csproj]
C:\development\Developer-Kit\tests\FractalDataWorks.Services.Scheduling.Abstractions.Tests\TriggerTypes\IntervalTriggerTests.cs(335,9): error CS1929: 'bool' does not contain a definition for 'ShouldContain' and the best extension method overload 'ShouldBeEnumerableTestExtensions.ShouldContain<string>(IEnumerable<string>, string, string?)' requires a receiver of type 'System.Collections.Generic.IEnumerable<string>' [C:\development\Developer-Kit\tests\FractalDataWorks.Services.Scheduling.Abstractions.Tests\FractalDataWorks.Services.Scheduling.Abstractions.Tests.csproj]
  FractalDataWorks.Services.Scheduling -> C:\development\Developer-Kit\src\FractalDataWorks.Services.Scheduling\bin\Release\net10.0\FractalDataWorks.Services.Scheduling.dll
  FractalDataWorks.Services.DataGateway.Tests -> C:\development\Developer-Kit\tests\FractalDataWorks.Services.DataGateway.Tests\bin\Release\net10.0\FractalDataWorks.Services.DataGateway.Tests.dll
  FractalDataWorks.Services.Authentication -> C:\development\Developer-Kit\src\FractalDataWorks.Services.Authentication\bin\Release\net10.0\FractalDataWorks.Services.Authentication.dll
  FractalDataWorks.Services.SecretManagers.Tests -> C:\development\Developer-Kit\tests\FractalDataWorks.Services.SecretManagers.Tests\bin\Release\net10.0\FractalDataWorks.Services.SecretManagers.Tests.dll
C:\development\Developer-Kit\tests\FractalDataWorks.Services.Authentication.Abstractions.Tests\AuthenticationMethodsTests.cs(222,32): error CS0117: 'TokenTypes' does not contain a definition for 'AccessToken' [C:\development\Developer-Kit\tests\FractalDataWorks.Services.Authentication.Abstractions.Tests\FractalDataWorks.Services.Authentication.Abstractions.Tests.csproj]
C:\development\Developer-Kit\tests\FractalDataWorks.Services.Authentication.Abstractions.Tests\AuthenticationMethodsTests.cs(112,48): error CS0117: 'AuthenticationProtocols' does not contain a definition for 'OAuth2Protocol' [C:\development\Developer-Kit\tests\FractalDataWorks.Services.Authentication.Abstractions.Tests\FractalDataWorks.Services.Authentication.Abstractions.Tests.csproj]
C:\development\Developer-Kit\tests\FractalDataWorks.Services.Authentication.Abstractions.Tests\AuthenticationMethodsTests.cs(149,40): error CS0117: 'AuthenticationFlows' does not contain a definition for 'AuthorizationCodeFlow' [C:\development\Developer-Kit\tests\FractalDataWorks.Services.Authentication.Abstractions.Tests\FractalDataWorks.Services.Authentication.Abstractions.Tests.csproj]
C:\development\Developer-Kit\tests\FractalDataWorks.Services.Authentication.Abstractions.Tests\AuthenticationMethodsTests.cs(14,44): error CS0117: 'AuthenticationMethods' does not contain a definition for 'OAuth2' [C:\development\Developer-Kit\tests\FractalDataWorks.Services.Authentication.Abstractions.Tests\FractalDataWorks.Services.Authentication.Abstractions.Tests.csproj]
C:\development\Developer-Kit\tests\FractalDataWorks.Services.Authentication.Abstractions.Tests\MessagesTests.cs(18,17): error CS1061: 'AuthenticationFailedMessage' does not contain a definition for 'Category' and no accessible extension method 'Category' accepting a first argument of type 'AuthenticationFailedMessage' could be found (are you missing a using directive or an assembly reference?) [C:\development\Developer-Kit\tests\FractalDataWorks.Services.Authentication.Abstractions.Tests\FractalDataWorks.Services.Authentication.Abstractions.Tests.csproj]
C:\development\Developer-Kit\tests\FractalDataWorks.Services.Authentication.Abstractions.Tests\AuthenticationMethodsTests.cs(233,32): error CS0117: 'TokenTypes' does not contain a definition for 'RefreshToken' [C:\development\Developer-Kit\tests\FractalDataWorks.Services.Authentication.Abstractions.Tests\FractalDataWorks.Services.Authentication.Abstractions.Tests.csproj]
C:\development\Developer-Kit\tests\FractalDataWorks.Services.Authentication.Abstractions.Tests\MessagesTests.cs(25,27): error CS7036: There is no argument given that corresponds to the required parameter 'configurationName' of 'AuthenticationTypeNotSpecifiedMessage.AuthenticationTypeNotSpecifiedMessage(string)' [C:\development\Developer-Kit\tests\FractalDataWorks.Services.Authentication.Abstractions.Tests\FractalDataWorks.Services.Authentication.Abstractions.Tests.csproj]
C:\development\Developer-Kit\tests\FractalDataWorks.Services.Authentication.Abstractions.Tests\AuthenticationMethodsTests.cs(160,40): error CS0117: 'AuthenticationFlows' does not contain a definition for 'ClientCredentialsFlow' [C:\development\Developer-Kit\tests\FractalDataWorks.Services.Authentication.Abstractions.Tests\FractalDataWorks.Services.Authentication.Abstractions.Tests.csproj]
C:\development\Developer-Kit\tests\FractalDataWorks.Services.Authentication.Abstractions.Tests\AuthenticationMethodsTests.cs(123,48): error CS0117: 'AuthenticationProtocols' does not contain a definition for 'OpenIDConnectProtocol' [C:\development\Developer-Kit\tests\FractalDataWorks.Services.Authentication.Abstractions.Tests\FractalDataWorks.Services.Authentication.Abstractions.Tests.csproj]
C:\development\Developer-Kit\tests\FractalDataWorks.Services.Authentication.Abstractions.Tests\AuthenticationMethodsTests.cs(26,44): error CS0117: 'AuthenticationMethods' does not contain a definition for 'OpenIDConnect' [C:\development\Developer-Kit\tests\FractalDataWorks.Services.Authentication.Abstractions.Tests\FractalDataWorks.Services.Authentication.Abstractions.Tests.csproj]
C:\development\Developer-Kit\tests\FractalDataWorks.Services.Authentication.Abstractions.Tests\AuthenticationMethodsTests.cs(244,32): error CS0117: 'TokenTypes' does not contain a definition for 'IdToken' [C:\development\Developer-Kit\tests\FractalDataWorks.Services.Authentication.Abstractions.Tests\FractalDataWorks.Services.Authentication.Abstractions.Tests.csproj]
C:\development\Developer-Kit\tests\FractalDataWorks.Services.Authentication.Abstractions.Tests\AuthenticationMethodsTests.cs(171,40): error CS0117: 'AuthenticationFlows' does not contain a definition for 'DeviceCodeFlow' [C:\development\Developer-Kit\tests\FractalDataWorks.Services.Authentication.Abstractions.Tests\FractalDataWorks.Services.Authentication.Abstractions.Tests.csproj]
C:\development\Developer-Kit\tests\FractalDataWorks.Services.Authentication.Abstractions.Tests\AuthenticationMethodsTests.cs(37,44): error CS0117: 'AuthenticationMethods' does not contain a definition for 'JWT' [C:\development\Developer-Kit\tests\FractalDataWorks.Services.Authentication.Abstractions.Tests\FractalDataWorks.Services.Authentication.Abstractions.Tests.csproj]
C:\development\Developer-Kit\tests\FractalDataWorks.Services.Authentication.Abstractions.Tests\MessagesTests.cs(47,27): error CS7036: There is no argument given that corresponds to the required parameter 'configurationTypeName' of 'ConfigurationBindingFailedMessage.ConfigurationBindingFailedMessage(string?)' [C:\development\Developer-Kit\tests\FractalDataWorks.Services.Authentication.Abstractions.Tests\FractalDataWorks.Services.Authentication.Abstractions.Tests.csproj]
C:\development\Developer-Kit\tests\FractalDataWorks.Services.Authentication.Abstractions.Tests\AuthenticationMethodsTests.cs(255,32): error CS0117: 'TokenTypes' does not contain a definition for 'BearerToken' [C:\development\Developer-Kit\tests\FractalDataWorks.Services.Authentication.Abstractions.Tests\FractalDataWorks.Services.Authentication.Abstractions.Tests.csproj]
C:\development\Developer-Kit\tests\FractalDataWorks.Services.Authentication.Abstractions.Tests\AuthenticationMethodsTests.cs(138,51): error CS0117: 'AuthenticationProtocols' does not contain a definition for 'OAuth2Protocol' [C:\development\Developer-Kit\tests\FractalDataWorks.Services.Authentication.Abstractions.Tests\FractalDataWorks.Services.Authentication.Abstractions.Tests.csproj]
C:\development\Developer-Kit\tests\FractalDataWorks.Services.Authentication.Abstractions.Tests\AuthenticationMethodsTests.cs(139,51): error CS0117: 'AuthenticationProtocols' does not contain a definition for 'OpenIDConnectProtocol' [C:\development\Developer-Kit\tests\FractalDataWorks.Services.Authentication.Abstractions.Tests\FractalDataWorks.Services.Authentication.Abstractions.Tests.csproj]
C:\development\Developer-Kit\tests\FractalDataWorks.Services.Authentication.Abstractions.Tests\AuthenticationMethodsTests.cs(182,40): error CS0117: 'AuthenticationFlows' does not contain a definition for 'ImplicitFlow' [C:\development\Developer-Kit\tests\FractalDataWorks.Services.Authentication.Abstractions.Tests\FractalDataWorks.Services.Authentication.Abstractions.Tests.csproj]
C:\development\Developer-Kit\tests\FractalDataWorks.Services.Authentication.Abstractions.Tests\AuthenticationMethodsTests.cs(48,44): error CS0117: 'AuthenticationMethods' does not contain a definition for 'BearerToken' [C:\development\Developer-Kit\tests\FractalDataWorks.Services.Authentication.Abstractions.Tests\FractalDataWorks.Services.Authentication.Abstractions.Tests.csproj]
C:\development\Developer-Kit\tests\FractalDataWorks.Services.Authentication.Abstractions.Tests\AuthenticationMethodsTests.cs(193,40): error CS0117: 'AuthenticationFlows' does not contain a definition for 'InteractiveFlow' [C:\development\Developer-Kit\tests\FractalDataWorks.Services.Authentication.Abstractions.Tests\FractalDataWorks.Services.Authentication.Abstractions.Tests.csproj]
C:\development\Developer-Kit\tests\FractalDataWorks.Services.Authentication.Abstractions.Tests\AuthenticationMethodsTests.cs(270,38): error CS0117: 'TokenTypes' does not contain a definition for 'AccessToken' [C:\development\Developer-Kit\tests\FractalDataWorks.Services.Authentication.Abstractions.Tests\FractalDataWorks.Services.Authentication.Abstractions.Tests.csproj]
C:\development\Developer-Kit\tests\FractalDataWorks.Services.Authentication.Abstractions.Tests\AuthenticationMethodsTests.cs(271,38): error CS0117: 'TokenTypes' does not contain a definition for 'RefreshToken' [C:\development\Developer-Kit\tests\FractalDataWorks.Services.Authentication.Abstractions.Tests\FractalDataWorks.Services.Authentication.Abstractions.Tests.csproj]
C:\development\Developer-Kit\tests\FractalDataWorks.Services.Authentication.Abstractions.Tests\AuthenticationMethodsTests.cs(272,38): error CS0117: 'TokenTypes' does not contain a definition for 'IdToken' [C:\development\Developer-Kit\tests\FractalDataWorks.Services.Authentication.Abstractions.Tests\FractalDataWorks.Services.Authentication.Abstractions.Tests.csproj]
C:\development\Developer-Kit\tests\FractalDataWorks.Services.Authentication.Abstractions.Tests\AuthenticationMethodsTests.cs(273,38): error CS0117: 'TokenTypes' does not contain a definition for 'BearerToken' [C:\development\Developer-Kit\tests\FractalDataWorks.Services.Authentication.Abstractions.Tests\FractalDataWorks.Services.Authentication.Abstractions.Tests.csproj]
C:\development\Developer-Kit\tests\FractalDataWorks.Services.Authentication.Abstractions.Tests\AuthenticationMethodsTests.cs(59,44): error CS0117: 'AuthenticationMethods' does not contain a definition for 'ApiKey' [C:\development\Developer-Kit\tests\FractalDataWorks.Services.Authentication.Abstractions.Tests\FractalDataWorks.Services.Authentication.Abstractions.Tests.csproj]
C:\development\Developer-Kit\tests\FractalDataWorks.Services.Authentication.Abstractions.Tests\AuthenticationMethodsTests.cs(70,44): error CS0117: 'AuthenticationMethods' does not contain a definition for 'Certificate' [C:\development\Developer-Kit\tests\FractalDataWorks.Services.Authentication.Abstractions.Tests\FractalDataWorks.Services.Authentication.Abstractions.Tests.csproj]
C:\development\Developer-Kit\tests\FractalDataWorks.Services.Authentication.Abstractions.Tests\MessagesTests.cs(80,27): error CS7036: There is no argument given that corresponds to the required parameter 'configurationName' of 'ConfigurationSectionNotFoundMessage.ConfigurationSectionNotFoundMessage(string)' [C:\development\Developer-Kit\tests\FractalDataWorks.Services.Authentication.Abstractions.Tests\FractalDataWorks.Services.Authentication.Abstractions.Tests.csproj]
C:\development\Developer-Kit\tests\FractalDataWorks.Services.Authentication.Abstractions.Tests\AuthenticationMethodsTests.cs(81,44): error CS0117: 'AuthenticationMethods' does not contain a definition for 'ManagedIdentity' [C:\development\Developer-Kit\tests\FractalDataWorks.Services.Authentication.Abstractions.Tests\FractalDataWorks.Services.Authentication.Abstractions.Tests.csproj]
C:\development\Developer-Kit\tests\FractalDataWorks.Services.Authentication.Abstractions.Tests\AuthenticationMethodsTests.cs(208,47): error CS0117: 'AuthenticationFlows' does not contain a definition for 'AuthorizationCodeFlow' [C:\development\Developer-Kit\tests\FractalDataWorks.Services.Authentication.Abstractions.Tests\FractalDataWorks.Services.Authentication.Abstractions.Tests.csproj]
C:\development\Developer-Kit\tests\FractalDataWorks.Services.Authentication.Abstractions.Tests\AuthenticationMethodsTests.cs(209,47): error CS0117: 'AuthenticationFlows' does not contain a definition for 'ClientCredentialsFlow' [C:\development\Developer-Kit\tests\FractalDataWorks.Services.Authentication.Abstractions.Tests\FractalDataWorks.Services.Authentication.Abstractions.Tests.csproj]
C:\development\Developer-Kit\tests\FractalDataWorks.Services.Authentication.Abstractions.Tests\AuthenticationMethodsTests.cs(210,47): error CS0117: 'AuthenticationFlows' does not contain a definition for 'DeviceCodeFlow' [C:\development\Developer-Kit\tests\FractalDataWorks.Services.Authentication.Abstractions.Tests\FractalDataWorks.Services.Authentication.Abstractions.Tests.csproj]
C:\development\Developer-Kit\tests\FractalDataWorks.Services.Authentication.Abstractions.Tests\AuthenticationMethodsTests.cs(211,47): error CS0117: 'AuthenticationFlows' does not contain a definition for 'ImplicitFlow' [C:\development\Developer-Kit\tests\FractalDataWorks.Services.Authentication.Abstractions.Tests\FractalDataWorks.Services.Authentication.Abstractions.Tests.csproj]
C:\development\Developer-Kit\tests\FractalDataWorks.Services.Authentication.Abstractions.Tests\AuthenticationMethodsTests.cs(212,47): error CS0117: 'AuthenticationFlows' does not contain a definition for 'InteractiveFlow' [C:\development\Developer-Kit\tests\FractalDataWorks.Services.Authentication.Abstractions.Tests\FractalDataWorks.Services.Authentication.Abstractions.Tests.csproj]
C:\development\Developer-Kit\tests\FractalDataWorks.Services.Authentication.Abstractions.Tests\MessagesTests.cs(102,27): error CS7036: There is no argument given that corresponds to the required parameter 'authenticationType' of 'NoFactoryRegisteredMessage.NoFactoryRegisteredMessage(string)' [C:\development\Developer-Kit\tests\FractalDataWorks.Services.Authentication.Abstractions.Tests\FractalDataWorks.Services.Authentication.Abstractions.Tests.csproj]
C:\development\Developer-Kit\tests\FractalDataWorks.Services.Authentication.Abstractions.Tests\AuthenticationMethodsTests.cs(96,49): error CS0117: 'AuthenticationMethods' does not contain a definition for 'OAuth2' [C:\development\Developer-Kit\tests\FractalDataWorks.Services.Authentication.Abstractions.Tests\FractalDataWorks.Services.Authentication.Abstractions.Tests.csproj]
C:\development\Developer-Kit\tests\FractalDataWorks.Services.Authentication.Abstractions.Tests\AuthenticationMethodsTests.cs(97,49): error CS0117: 'AuthenticationMethods' does not contain a definition for 'OpenIDConnect' [C:\development\Developer-Kit\tests\FractalDataWorks.Services.Authentication.Abstractions.Tests\FractalDataWorks.Services.Authentication.Abstractions.Tests.csproj]
C:\development\Developer-Kit\tests\FractalDataWorks.Services.Authentication.Abstractions.Tests\AuthenticationMethodsTests.cs(98,49): error CS0117: 'AuthenticationMethods' does not contain a definition for 'JWT' [C:\development\Developer-Kit\tests\FractalDataWorks.Services.Authentication.Abstractions.Tests\FractalDataWorks.Services.Authentication.Abstractions.Tests.csproj]
C:\development\Developer-Kit\tests\FractalDataWorks.Services.Authentication.Abstractions.Tests\AuthenticationMethodsTests.cs(99,49): error CS0117: 'AuthenticationMethods' does not contain a definition for 'BearerToken' [C:\development\Developer-Kit\tests\FractalDataWorks.Services.Authentication.Abstractions.Tests\FractalDataWorks.Services.Authentication.Abstractions.Tests.csproj]
C:\development\Developer-Kit\tests\FractalDataWorks.Services.Authentication.Abstractions.Tests\AuthenticationMethodsTests.cs(100,49): error CS0117: 'AuthenticationMethods' does not contain a definition for 'ApiKey' [C:\development\Developer-Kit\tests\FractalDataWorks.Services.Authentication.Abstractions.Tests\FractalDataWorks.Services.Authentication.Abstractions.Tests.csproj]
C:\development\Developer-Kit\tests\FractalDataWorks.Services.Authentication.Abstractions.Tests\AuthenticationMethodsTests.cs(101,49): error CS0117: 'AuthenticationMethods' does not contain a definition for 'Certificate' [C:\development\Developer-Kit\tests\FractalDataWorks.Services.Authentication.Abstractions.Tests\FractalDataWorks.Services.Authentication.Abstractions.Tests.csproj]
C:\development\Developer-Kit\tests\FractalDataWorks.Services.Authentication.Abstractions.Tests\AuthenticationMethodsTests.cs(102,49): error CS0117: 'AuthenticationMethods' does not contain a definition for 'ManagedIdentity' [C:\development\Developer-Kit\tests\FractalDataWorks.Services.Authentication.Abstractions.Tests\FractalDataWorks.Services.Authentication.Abstractions.Tests.csproj]
C:\development\Developer-Kit\tests\FractalDataWorks.Services.Authentication.Abstractions.Tests\MessagesTests.cs(124,27): error CS7036: There is no argument given that corresponds to the required parameter 'exceptionMessage' of 'ServiceCreationExceptionMessage.ServiceCreationExceptionMessage(string)' [C:\development\Developer-Kit\tests\FractalDataWorks.Services.Authentication.Abstractions.Tests\FractalDataWorks.Services.Authentication.Abstractions.Tests.csproj]
C:\development\Developer-Kit\tests\FractalDataWorks.Services.Authentication.Abstractions.Tests\MessagesTests.cs(157,27): error CS7036: There is no argument given that corresponds to the required parameter 'exceptionMessage' of 'TokenRevocationFailedMessage.TokenRevocationFailedMessage(string)' [C:\development\Developer-Kit\tests\FractalDataWorks.Services.Authentication.Abstractions.Tests\FractalDataWorks.Services.Authentication.Abstractions.Tests.csproj]
C:\development\Developer-Kit\tests\FractalDataWorks.Services.Authentication.Abstractions.Tests\MessagesTests.cs(168,27): error CS7036: There is no argument given that corresponds to the required parameter 'authenticationType' of 'UnknownAuthenticationTypeMessage.UnknownAuthenticationTypeMessage(string)' [C:\development\Developer-Kit\tests\FractalDataWorks.Services.Authentication.Abstractions.Tests\FractalDataWorks.Services.Authentication.Abstractions.Tests.csproj]
C:\development\Developer-Kit\tests\FractalDataWorks.Services.Authentication.Abstractions.Tests\MessagesTests.cs(183,20): error CS1061: 'Func<ImmutableArray<AuthenticationMessage>>' does not contain a definition for 'ShouldNotBeEmpty' and no accessible extension method 'ShouldNotBeEmpty' accepting a first argument of type 'Func<ImmutableArray<AuthenticationMessage>>' could be found (are you missing a using directive or an assembly reference?) [C:\development\Developer-Kit\tests\FractalDataWorks.Services.Authentication.Abstractions.Tests\FractalDataWorks.Services.Authentication.Abstractions.Tests.csproj]
  FractalDataWorks.Data.DataContainers.Abstractions.Tests -> C:\development\Developer-Kit\tests\FractalDataWorks.Data.DataContainers.Abstractions.Tests\bin\Release\net10.0\FractalDataWorks.Data.DataContainers.Abstractions.Tests.dll
  FractalDataWorks.Services.Transformations.Abstractions.Tests -> C:\development\Developer-Kit\tests\FractalDataWorks.Services.Transformations.Abstractions.Tests\bin\Release\net10.0\FractalDataWorks.Services.Transformations.Abstractions.Tests.dll
  FractalDataWorks.Services.Connections.Rest -> C:\development\Developer-Kit\src\FractalDataWorks.Services.Connections.Rest\bin\Release\net10.0\FractalDataWorks.Services.Connections.Rest.dll
  FractalDataWorks.Services.SecretManagers.AzureKeyVault -> C:\development\Developer-Kit\src\FractalDataWorks.Services.SecretManagers.AzureKeyVault\bin\Release\net10.0\FractalDataWorks.Services.SecretManagers.AzureKeyVault.dll
  FractalDataWorks.Services.Transformations -> C:\development\Developer-Kit\src\FractalDataWorks.Services.Transformations\bin\Release\net10.0\FractalDataWorks.Services.Transformations.dll
  FractalDataWorks.Services.Scheduling.Tests -> C:\development\Developer-Kit\tests\FractalDataWorks.Services.Scheduling.Tests\bin\Release\net10.0\FractalDataWorks.Services.Scheduling.Tests.dll
C:\development\Developer-Kit\src\FractalDataWorks.Services.Authentication.Entra\AzureEntraAuthenticationService.cs(105,45): error CS0115: 'EntraAuthenticationService.Execute(IAuthenticationCommand)': no suitable method found to override [C:\development\Developer-Kit\src\FractalDataWorks.Services.Authentication.Entra\FractalDataWorks.Services.Authentication.Entra.csproj::TargetFramework=net10.0]
C:\development\Developer-Kit\src\FractalDataWorks.Services.Authentication.Entra\AzureEntraAuthenticationService.cs(113,48): error CS0115: 'EntraAuthenticationService.Execute<T>(IAuthenticationCommand)': no suitable method found to override [C:\development\Developer-Kit\src\FractalDataWorks.Services.Authentication.Entra\FractalDataWorks.Services.Authentication.Entra.csproj::TargetFramework=net10.0]
C:\development\Developer-Kit\src\FractalDataWorks.Services.Authentication.Entra\AzureEntraAuthenticationService.cs(121,51): error CS0507: 'EntraAuthenticationService.Execute<TOut>(IAuthenticationCommand, CancellationToken)': cannot change access modifiers when overriding 'public' inherited member 'ServiceBase<IAuthenticationCommand, AzureEntraConfiguration, EntraAuthenticationService>.Execute<T>(IAuthenticationCommand, CancellationToken)' [C:\development\Developer-Kit\src\FractalDataWorks.Services.Authentication.Entra\FractalDataWorks.Services.Authentication.Entra.csproj::TargetFramework=net10.0]
C:\development\Developer-Kit\src\FractalDataWorks.Services.Authentication.Entra\AzureEntraAuthenticationService.cs(128,45): error CS0507: 'EntraAuthenticationService.Execute(IAuthenticationCommand, CancellationToken)': cannot change access modifiers when overriding 'public' inherited member 'ServiceBase<IAuthenticationCommand, AzureEntraConfiguration, EntraAuthenticationService>.Execute(IAuthenticationCommand, CancellationToken)' [C:\development\Developer-Kit\src\FractalDataWorks.Services.Authentication.Entra\FractalDataWorks.Services.Authentication.Entra.csproj::TargetFramework=net10.0]
  FractalDataWorks.Services.Transformations.Tests -> C:\development\Developer-Kit\tests\FractalDataWorks.Services.Transformations.Tests\bin\Release\net10.0\FractalDataWorks.Services.Transformations.Tests.dll
C:\development\Developer-Kit\src\FractalDataWorks.Web.RestEndpoints\Base\QueryEndpoint.cs(28,12): error MA0026: TODO Configure caching when available in FastEndpoints (https://github.com/meziantou/Meziantou.Analyzer/blob/main/docs/Rules/MA0026.md) [C:\development\Developer-Kit\src\FractalDataWorks.Web.RestEndpoints\FractalDataWorks.Web.RestEndpoints.csproj]
C:\development\Developer-Kit\src\FractalDataWorks.Web.RestEndpoints\Base\RecEndpoint.cs(116,12): error MA0026: TODO Extract detailed messages when GenericResult is available (https://github.com/meziantou/Meziantou.Analyzer/blob/main/docs/Rules/MA0026.md) [C:\development\Developer-Kit\src\FractalDataWorks.Web.RestEndpoints\FractalDataWorks.Web.RestEndpoints.csproj]
C:\development\Developer-Kit\src\FractalDataWorks.Web.RestEndpoints\Configuration\EndpointDefaults.cs(127,12): error MA0026: TODO Implement GetDefaultsForType based on endpoint type (https://github.com/meziantou/Meziantou.Analyzer/blob/main/docs/Rules/MA0026.md) [C:\development\Developer-Kit\src\FractalDataWorks.Web.RestEndpoints\FractalDataWorks.Web.RestEndpoints.csproj]
C:\development\Developer-Kit\src\FractalDataWorks.Web.RestEndpoints\Configuration\SecurityConfiguration.cs(80,12): error MA0026: TODO Implement IsValid (https://github.com/meziantou/Meziantou.Analyzer/blob/main/docs/Rules/MA0026.md) [C:\development\Developer-Kit\src\FractalDataWorks.Web.RestEndpoints\FractalDataWorks.Web.RestEndpoints.csproj]
C:\development\Developer-Kit\src\FractalDataWorks.Web.RestEndpoints\Extensions\ApplicationBuilderExtensions.cs(23,12): error MA0026: TODO Implement UseFractalDataWorksWeb (https://github.com/meziantou/Meziantou.Analyzer/blob/main/docs/Rules/MA0026.md) [C:\development\Developer-Kit\src\FractalDataWorks.Web.RestEndpoints\FractalDataWorks.Web.RestEndpoints.csproj]
C:\development\Developer-Kit\src\FractalDataWorks.Web.RestEndpoints\Extensions\ApplicationBuilderExtensions.cs(38,12): error MA0026: TODO Implement UseFractalDataWorksWeb with configuration (https://github.com/meziantou/Meziantou.Analyzer/blob/main/docs/Rules/MA0026.md) [C:\development\Developer-Kit\src\FractalDataWorks.Web.RestEndpoints\FractalDataWorks.Web.RestEndpoints.csproj]
C:\development\Developer-Kit\src\FractalDataWorks.Web.RestEndpoints\Extensions\ApplicationBuilderExtensions.cs(50,12): error MA0026: TODO Implement UseFractalDataWorksRequestValidation (https://github.com/meziantou/Meziantou.Analyzer/blob/main/docs/Rules/MA0026.md) [C:\development\Developer-Kit\src\FractalDataWorks.Web.RestEndpoints\FractalDataWorks.Web.RestEndpoints.csproj]
C:\development\Developer-Kit\src\FractalDataWorks.Web.RestEndpoints\Extensions\ApplicationBuilderExtensions.cs(62,12): error MA0026: TODO Implement UseFractalDataWorksEndpoints (https://github.com/meziantou/Meziantou.Analyzer/blob/main/docs/Rules/MA0026.md) [C:\development\Developer-Kit\src\FractalDataWorks.Web.RestEndpoints\FractalDataWorks.Web.RestEndpoints.csproj]
C:\development\Developer-Kit\src\FractalDataWorks.Web.RestEndpoints\Extensions\ApplicationBuilderExtensions.cs(74,12): error MA0026: TODO Implement UseFractalDataWorksSecurityHeaders (https://github.com/meziantou/Meziantou.Analyzer/blob/main/docs/Rules/MA0026.md) [C:\development\Developer-Kit\src\FractalDataWorks.Web.RestEndpoints\FractalDataWorks.Web.RestEndpoints.csproj]
C:\development\Developer-Kit\src\FractalDataWorks.Web.RestEndpoints\Extensions\ApplicationBuilderExtensions.cs(86,12): error MA0026: TODO Implement UseFractalDataWorksRateLimiting (https://github.com/meziantou/Meziantou.Analyzer/blob/main/docs/Rules/MA0026.md) [C:\development\Developer-Kit\src\FractalDataWorks.Web.RestEndpoints\FractalDataWorks.Web.RestEndpoints.csproj]
C:\development\Developer-Kit\src\FractalDataWorks.Web.RestEndpoints\Extensions\ApplicationBuilderExtensions.cs(98,12): error MA0026: TODO Implement UseFractalDataWorksAuthentication (https://github.com/meziantou/Meziantou.Analyzer/blob/main/docs/Rules/MA0026.md) [C:\development\Developer-Kit\src\FractalDataWorks.Web.RestEndpoints\FractalDataWorks.Web.RestEndpoints.csproj]
C:\development\Developer-Kit\src\FractalDataWorks.Web.RestEndpoints\Extensions\ApplicationBuilderExtensions.cs(110,12): error MA0026: TODO Implement UseFractalDataWorksAuthorization (https://github.com/meziantou/Meziantou.Analyzer/blob/main/docs/Rules/MA0026.md) [C:\development\Developer-Kit\src\FractalDataWorks.Web.RestEndpoints\FractalDataWorks.Web.RestEndpoints.csproj]
C:\development\Developer-Kit\src\FractalDataWorks.Web.RestEndpoints\Extensions\ApplicationBuilderExtensions.cs(122,12): error MA0026: TODO Implement UseFractalDataWorksCors (https://github.com/meziantou/Meziantou.Analyzer/blob/main/docs/Rules/MA0026.md) [C:\development\Developer-Kit\src\FractalDataWorks.Web.RestEndpoints\FractalDataWorks.Web.RestEndpoints.csproj]
C:\development\Developer-Kit\src\FractalDataWorks.Web.RestEndpoints\Extensions\ApplicationBuilderExtensions.cs(134,12): error MA0026: TODO Implement UseFractalDataWorksExceptionHandling (https://github.com/meziantou/Meziantou.Analyzer/blob/main/docs/Rules/MA0026.md) [C:\development\Developer-Kit\src\FractalDataWorks.Web.RestEndpoints\FractalDataWorks.Web.RestEndpoints.csproj]
C:\development\Developer-Kit\src\FractalDataWorks.Web.RestEndpoints\Extensions\ApplicationBuilderExtensions.cs(146,12): error MA0026: TODO Implement UseFractalDataWorksRequestResponseLogging (https://github.com/meziantou/Meziantou.Analyzer/blob/main/docs/Rules/MA0026.md) [C:\development\Developer-Kit\src\FractalDataWorks.Web.RestEndpoints\FractalDataWorks.Web.RestEndpoints.csproj]
C:\development\Developer-Kit\src\FractalDataWorks.Web.RestEndpoints\Extensions\ApplicationBuilderExtensions.cs(158,12): error MA0026: TODO Implement UseFractalDataWorksPerformanceMonitoring (https://github.com/meziantou/Meziantou.Analyzer/blob/main/docs/Rules/MA0026.md) [C:\development\Developer-Kit\src\FractalDataWorks.Web.RestEndpoints\FractalDataWorks.Web.RestEndpoints.csproj]
C:\development\Developer-Kit\src\FractalDataWorks.Web.RestEndpoints\Extensions\ApplicationBuilderExtensions.cs(170,12): error MA0026: TODO Implement UseFractalDataWorksHealthChecks (https://github.com/meziantou/Meziantou.Analyzer/blob/main/docs/Rules/MA0026.md) [C:\development\Developer-Kit\src\FractalDataWorks.Web.RestEndpoints\FractalDataWorks.Web.RestEndpoints.csproj]
C:\development\Developer-Kit\src\FractalDataWorks.Web.RestEndpoints\Extensions\ApplicationBuilderExtensions.cs(182,12): error MA0026: TODO Implement ValidateFractalDataWorksWebConfiguration (https://github.com/meziantou/Meziantou.Analyzer/blob/main/docs/Rules/MA0026.md) [C:\development\Developer-Kit\src\FractalDataWorks.Web.RestEndpoints\FractalDataWorks.Web.RestEndpoints.csproj]
C:\development\Developer-Kit\src\FractalDataWorks.Web.RestEndpoints\Extensions\ApplicationBuilderExtensions.cs(197,12): error MA0026: TODO Implement ConfigureMiddlewarePipeline (https://github.com/meziantou/Meziantou.Analyzer/blob/main/docs/Rules/MA0026.md) [C:\development\Developer-Kit\src\FractalDataWorks.Web.RestEndpoints\FractalDataWorks.Web.RestEndpoints.csproj]
C:\development\Developer-Kit\src\FractalDataWorks.Web.RestEndpoints\Extensions\ApplicationBuilderExtensions.cs(209,12): error MA0026: TODO Implement ValidateRequiredServices (https://github.com/meziantou/Meziantou.Analyzer/blob/main/docs/Rules/MA0026.md) [C:\development\Developer-Kit\src\FractalDataWorks.Web.RestEndpoints\FractalDataWorks.Web.RestEndpoints.csproj]
C:\development\Developer-Kit\src\FractalDataWorks.Web.RestEndpoints\Extensions\ApplicationBuilderExtensions.cs(221,12): error MA0026: TODO Implement LogMiddlewareConfiguration (https://github.com/meziantou/Meziantou.Analyzer/blob/main/docs/Rules/MA0026.md) [C:\development\Developer-Kit\src\FractalDataWorks.Web.RestEndpoints\FractalDataWorks.Web.RestEndpoints.csproj]
C:\development\Developer-Kit\src\FractalDataWorks.Web.RestEndpoints\Configuration\ApiKeySecurityConfiguration.cs(33,12): error MA0016: Prefer using collection abstraction instead of implementation (https://github.com/meziantou/Meziantou.Analyzer/blob/main/docs/Rules/MA0016.md) [C:\development\Developer-Kit\src\FractalDataWorks.Web.RestEndpoints\FractalDataWorks.Web.RestEndpoints.csproj]
C:\development\Developer-Kit\src\FractalDataWorks.Web.RestEndpoints\Configuration\ApiKeySecurityConfiguration.cs(27,52): error CA1805: Member 'AllowQueryParameter' is explicitly initialized to its default value (https://learn.microsoft.com/dotnet/fundamentals/code-analysis/quality-rules/ca1805) [C:\development\Developer-Kit\src\FractalDataWorks.Web.RestEndpoints\FractalDataWorks.Web.RestEndpoints.csproj]
C:\development\Developer-Kit\src\FractalDataWorks.Web.RestEndpoints\Extensions\GenericWebMiddlewareOptions.cs(46,60): error CA1805: Member 'EnableRequestResponseLogging' is explicitly initialized to its default value (https://learn.microsoft.com/dotnet/fundamentals/code-analysis/quality-rules/ca1805) [C:\development\Developer-Kit\src\FractalDataWorks.Web.RestEndpoints\FractalDataWorks.Web.RestEndpoints.csproj]
C:\development\Developer-Kit\src\FractalDataWorks.Web.RestEndpoints\Configuration\CertificateSecurityConfiguration.cs(13,40): error CA1805: Member 'Enabled' is explicitly initialized to its default value (https://learn.microsoft.com/dotnet/fundamentals/code-analysis/quality-rules/ca1805) [C:\development\Developer-Kit\src\FractalDataWorks.Web.RestEndpoints\FractalDataWorks.Web.RestEndpoints.csproj]
C:\development\Developer-Kit\src\FractalDataWorks.Web.RestEndpoints\Configuration\CertificateSecurityConfiguration.cs(18,57): error CA1805: Member 'RequireClientCertificate' is explicitly initialized to its default value (https://learn.microsoft.com/dotnet/fundamentals/code-analysis/quality-rules/ca1805) [C:\development\Developer-Kit\src\FractalDataWorks.Web.RestEndpoints\FractalDataWorks.Web.RestEndpoints.csproj]
C:\development\Developer-Kit\src\FractalDataWorks.Web.RestEndpoints\Configuration\CorsConfiguration.cs(31,49): error CA1805: Member 'AllowCredentials' is explicitly initialized to its default value (https://learn.microsoft.com/dotnet/fundamentals/code-analysis/quality-rules/ca1805) [C:\development\Developer-Kit\src\FractalDataWorks.Web.RestEndpoints\FractalDataWorks.Web.RestEndpoints.csproj]
C:\development\Developer-Kit\src\FractalDataWorks.Web.RestEndpoints\Configuration\CorsSecurityConfiguration.cs(31,49): error CA1805: Member 'AllowCredentials' is explicitly initialized to its default value (https://learn.microsoft.com/dotnet/fundamentals/code-analysis/quality-rules/ca1805) [C:\development\Developer-Kit\src\FractalDataWorks.Web.RestEndpoints\FractalDataWorks.Web.RestEndpoints.csproj]
C:\development\Developer-Kit\src\FractalDataWorks.Web.RestEndpoints\Configuration\OAuth2SecurityConfiguration.cs(11,40): error CA1805: Member 'Enabled' is explicitly initialized to its default value (https://learn.microsoft.com/dotnet/fundamentals/code-analysis/quality-rules/ca1805) [C:\development\Developer-Kit\src\FractalDataWorks.Web.RestEndpoints\FractalDataWorks.Web.RestEndpoints.csproj]
C:\development\Developer-Kit\src\FractalDataWorks.Web.RestEndpoints\Configuration\SecurityConfiguration.cs(60,12): error MA0016: Prefer using collection abstraction instead of implementation (https://github.com/meziantou/Meziantou.Analyzer/blob/main/docs/Rules/MA0016.md) [C:\development\Developer-Kit\src\FractalDataWorks.Web.RestEndpoints\FractalDataWorks.Web.RestEndpoints.csproj]
C:\development\Developer-Kit\src\FractalDataWorks.Web.RestEndpoints\Configuration\SecurityConfiguration.cs(72,55): error CA1805: Member 'DetailedSecurityErrors' is explicitly initialized to its default value (https://learn.microsoft.com/dotnet/fundamentals/code-analysis/quality-rules/ca1805) [C:\development\Developer-Kit\src\FractalDataWorks.Web.RestEndpoints\FractalDataWorks.Web.RestEndpoints.csproj]
C:\development\Developer-Kit\src\FractalDataWorks.Web.RestEndpoints\Pagination\StreamingRequest.cs(46,33): error MA0006: Use string.Equals instead of Equals operator (https://github.com/meziantou/Meziantou.Analyzer/blob/main/docs/Rules/MA0006.md) [C:\development\Developer-Kit\src\FractalDataWorks.Web.RestEndpoints\FractalDataWorks.Web.RestEndpoints.csproj]
C:\development\Developer-Kit\src\FractalDataWorks.Web.RestEndpoints\Pagination\PagedRequest.cs(46,33): error MA0006: Use string.Equals instead of Equals operator (https://github.com/meziantou/Meziantou.Analyzer/blob/main/docs/Rules/MA0006.md) [C:\development\Developer-Kit\src\FractalDataWorks.Web.RestEndpoints\FractalDataWorks.Web.RestEndpoints.csproj]
C:\development\Developer-Kit\src\FractalDataWorks.Web.RestEndpoints\Configuration\SecurityConfiguration.cs(78,17): error CA1822: Member 'IsValid' does not access instance data and can be marked as static (https://learn.microsoft.com/dotnet/fundamentals/code-analysis/quality-rules/ca1822) [C:\development\Developer-Kit\src\FractalDataWorks.Web.RestEndpoints\FractalDataWorks.Web.RestEndpoints.csproj]
  FractalDataWorks.Services.SecretManagers.AzureKeyVault.Tests -> C:\development\Developer-Kit\tests\FractalDataWorks.Services.SecretManagers.AzureKeyVault.Tests\bin\Release\net10.0\FractalDataWorks.Services.SecretManagers.AzureKeyVault.Tests.dll

Build FAILED.

C:\development\Developer-Kit\tests\FractalDataWorks.Results.Tests\GenericResultOfTTests.cs(522,9): warning CS8602: Dereference of a possibly null reference. [C:\development\Developer-Kit\tests\FractalDataWorks.Results.Tests\FractalDataWorks.Results.Tests.csproj]
C:\development\Developer-Kit\tests\FractalDataWorks.Configuration.Tests\ConfigurationBaseTests.cs(64,9): warning CS8602: Dereference of a possibly null reference. [C:\development\Developer-Kit\tests\FractalDataWorks.Configuration.Tests\FractalDataWorks.Configuration.Tests.csproj]
C:\development\Developer-Kit\tests\FractalDataWorks.Configuration.Tests\ConfigurationBaseTests.cs(81,9): warning CS8602: Dereference of a possibly null reference. [C:\development\Developer-Kit\tests\FractalDataWorks.Configuration.Tests\FractalDataWorks.Configuration.Tests.csproj]
C:\development\Developer-Kit\tests\FractalDataWorks.Configuration.Tests\ConfigurationBaseTests.cs(99,9): warning CS8602: Dereference of a possibly null reference. [C:\development\Developer-Kit\tests\FractalDataWorks.Configuration.Tests\FractalDataWorks.Configuration.Tests.csproj]
C:\development\Developer-Kit\tests\FractalDataWorks.Configuration.Tests\JsonConfigurationSourceTests.cs(114,9): warning CS8604: Possible null reference argument for parameter 'source' in 'int Enumerable.Count<TestConfig>(IEnumerable<TestConfig> source)'. [C:\development\Developer-Kit\tests\FractalDataWorks.Configuration.Tests\FractalDataWorks.Configuration.Tests.csproj]
C:\development\Developer-Kit\tests\FractalDataWorks.Configuration.Tests\JsonConfigurationSourceTests.cs(152,9): warning CS8604: Possible null reference argument for parameter 'actual' in 'void ShouldBeStringTestExtensions.ShouldContain(string actual, string expected, Case caseSensitivity = Case.Insensitive, string? customMessage = null)'. [C:\development\Developer-Kit\tests\FractalDataWorks.Configuration.Tests\FractalDataWorks.Configuration.Tests.csproj]
C:\development\Developer-Kit\tests\FractalDataWorks.Configuration.Tests\JsonConfigurationSourceTests.cs(179,9): warning CS8604: Possible null reference argument for parameter 'actual' in 'void ShouldBeStringTestExtensions.ShouldContain(string actual, string expected, Case caseSensitivity = Case.Insensitive, string? customMessage = null)'. [C:\development\Developer-Kit\tests\FractalDataWorks.Configuration.Tests\FractalDataWorks.Configuration.Tests.csproj]
C:\development\Developer-Kit\tests\FractalDataWorks.Configuration.Tests\JsonConfigurationSourceTests.cs(198,9): warning CS8604: Possible null reference argument for parameter 'source' in 'int Enumerable.Count<TestConfig>(IEnumerable<TestConfig> source)'. [C:\development\Developer-Kit\tests\FractalDataWorks.Configuration.Tests\FractalDataWorks.Configuration.Tests.csproj]
C:\development\Developer-Kit\tests\FractalDataWorks.Configuration.Tests\JsonConfigurationSourceTests.cs(231,9): warning CS8602: Dereference of a possibly null reference. [C:\development\Developer-Kit\tests\FractalDataWorks.Configuration.Tests\FractalDataWorks.Configuration.Tests.csproj]
C:\development\Developer-Kit\tests\FractalDataWorks.Configuration.Tests\JsonConfigurationSourceTests.cs(235,23): warning CS1998: This async method lacks 'await' operators and will run synchronously. Consider using the 'await' operator to await non-blocking API calls, or 'await Task.Run(...)' to do CPU-bound work on a background thread. [C:\development\Developer-Kit\tests\FractalDataWorks.Configuration.Tests\FractalDataWorks.Configuration.Tests.csproj]
C:\development\Developer-Kit\tests\FractalDataWorks.Services.DataGateway.Tests\DataGatewayServiceTests.cs(48,28): warning xUnit1051: Calls to methods which accept CancellationToken should use TestContext.Current.CancellationToken to allow test cancellation to be more responsive. (https://xunit.net/xunit.analyzers/rules/xUnit1051) [C:\development\Developer-Kit\tests\FractalDataWorks.Services.DataGateway.Tests\FractalDataWorks.Services.DataGateway.Tests.csproj]
C:\development\Developer-Kit\tests\FractalDataWorks.Services.DataGateway.Tests\DataGatewayServiceTests.cs(69,28): warning xUnit1051: Calls to methods which accept CancellationToken should use TestContext.Current.CancellationToken to allow test cancellation to be more responsive. (https://xunit.net/xunit.analyzers/rules/xUnit1051) [C:\development\Developer-Kit\tests\FractalDataWorks.Services.DataGateway.Tests\FractalDataWorks.Services.DataGateway.Tests.csproj]
C:\development\Developer-Kit\tests\FractalDataWorks.Services.DataGateway.Tests\DataGatewayServiceTests.cs(95,28): warning xUnit1051: Calls to methods which accept CancellationToken should use TestContext.Current.CancellationToken to allow test cancellation to be more responsive. (https://xunit.net/xunit.analyzers/rules/xUnit1051) [C:\development\Developer-Kit\tests\FractalDataWorks.Services.DataGateway.Tests\FractalDataWorks.Services.DataGateway.Tests.csproj]
C:\development\Developer-Kit\tests\FractalDataWorks.Services.DataGateway.Tests\DataGatewayServiceTests.cs(151,15): warning xUnit1051: Calls to methods which accept CancellationToken should use TestContext.Current.CancellationToken to allow test cancellation to be more responsive. (https://xunit.net/xunit.analyzers/rules/xUnit1051) [C:\development\Developer-Kit\tests\FractalDataWorks.Services.DataGateway.Tests\FractalDataWorks.Services.DataGateway.Tests.csproj]
C:\development\Developer-Kit\tests\FractalDataWorks.Services.DataGateway.Tests\DataGatewayServiceTests.cs(178,15): warning xUnit1051: Calls to methods which accept CancellationToken should use TestContext.Current.CancellationToken to allow test cancellation to be more responsive. (https://xunit.net/xunit.analyzers/rules/xUnit1051) [C:\development\Developer-Kit\tests\FractalDataWorks.Services.DataGateway.Tests\FractalDataWorks.Services.DataGateway.Tests.csproj]
C:\Program Files\dotnet\sdk\10.0.100-rc.1.25451.107\Sdks\NuGet.Build.Tasks.Pack\buildCrossTargeting\NuGet.Build.Tasks.Pack.targets(221,5): error NU5118: Warning As Error: File 'C:\development\Developer-Kit\src\FractalDataWorks.EnhancedEnums\README.md' is not added because the package already contains file '\README.md' [C:\development\Developer-Kit\src\FractalDataWorks.EnhancedEnums\FractalDataWorks.EnhancedEnums.csproj]
C:\development\Developer-Kit\src\FractalDataWorks.Services.Connections.MsSql\MsSqlService.cs(27,36): error CS0246: The type or namespace name 'ConnectionBase<,,>' could not be found (are you missing a using directive or an assembly reference?) [C:\development\Developer-Kit\src\FractalDataWorks.Services.Connections.MsSql\FractalDataWorks.Services.Connections.MsSql.csproj::TargetFramework=net10.0]
C:\development\Developer-Kit\src\FractalDataWorks.Services.Connections.MsSql\MsSqlService.cs(64,32): error CS0628: 'MsSqlService.QueryTranslator': new protected member declared in sealed type [C:\development\Developer-Kit\src\FractalDataWorks.Services.Connections.MsSql\FractalDataWorks.Services.Connections.MsSql.csproj::TargetFramework=net10.0]
C:\development\Developer-Kit\tests\FractalDataWorks.Services.Scheduling.Abstractions.Tests\TriggerTypes\ManualTriggerTests.cs(147,9): error CS1929: 'bool' does not contain a definition for 'ShouldContain' and the best extension method overload 'ShouldBeEnumerableTestExtensions.ShouldContain<string>(IEnumerable<string>, string, string?)' requires a receiver of type 'System.Collections.Generic.IEnumerable<string>' [C:\development\Developer-Kit\tests\FractalDataWorks.Services.Scheduling.Abstractions.Tests\FractalDataWorks.Services.Scheduling.Abstractions.Tests.csproj]
C:\development\Developer-Kit\tests\FractalDataWorks.Services.Scheduling.Abstractions.Tests\TriggerTypes\ManualTriggerTests.cs(182,9): error CS1929: 'bool' does not contain a definition for 'ShouldContain' and the best extension method overload 'ShouldBeEnumerableTestExtensions.ShouldContain<string>(IEnumerable<string>, string, string?)' requires a receiver of type 'System.Collections.Generic.IEnumerable<string>' [C:\development\Developer-Kit\tests\FractalDataWorks.Services.Scheduling.Abstractions.Tests\FractalDataWorks.Services.Scheduling.Abstractions.Tests.csproj]
C:\development\Developer-Kit\tests\FractalDataWorks.Services.Scheduling.Abstractions.Tests\TriggerTypes\ManualTriggerTests.cs(217,9): error CS1929: 'bool' does not contain a definition for 'ShouldContain' and the best extension method overload 'ShouldBeEnumerableTestExtensions.ShouldContain<string>(IEnumerable<string>, string, string?)' requires a receiver of type 'System.Collections.Generic.IEnumerable<string>' [C:\development\Developer-Kit\tests\FractalDataWorks.Services.Scheduling.Abstractions.Tests\FractalDataWorks.Services.Scheduling.Abstractions.Tests.csproj]
C:\development\Developer-Kit\tests\FractalDataWorks.Services.Scheduling.Abstractions.Tests\TriggerTypes\CronTriggerTests.cs(176,9): error CS1929: 'bool' does not contain a definition for 'ShouldNotBeNullOrEmpty' and the best extension method overload 'ShouldBeStringTestExtensions.ShouldNotBeNullOrEmpty(string?, string?)' requires a receiver of type 'string?' [C:\development\Developer-Kit\tests\FractalDataWorks.Services.Scheduling.Abstractions.Tests\FractalDataWorks.Services.Scheduling.Abstractions.Tests.csproj]
C:\development\Developer-Kit\tests\FractalDataWorks.Services.Scheduling.Abstractions.Tests\TriggerTypes\CronTriggerTests.cs(205,9): error CS1929: 'bool' does not contain a definition for 'ShouldContain' and the best extension method overload 'ShouldBeEnumerableTestExtensions.ShouldContain<string>(IEnumerable<string>, string, string?)' requires a receiver of type 'System.Collections.Generic.IEnumerable<string>' [C:\development\Developer-Kit\tests\FractalDataWorks.Services.Scheduling.Abstractions.Tests\FractalDataWorks.Services.Scheduling.Abstractions.Tests.csproj]
C:\development\Developer-Kit\tests\FractalDataWorks.Services.Scheduling.Abstractions.Tests\TriggerTypes\CronTriggerTests.cs(223,9): error CS1929: 'bool' does not contain a definition for 'ShouldContain' and the best extension method overload 'ShouldBeEnumerableTestExtensions.ShouldContain<string>(IEnumerable<string>, string, string?)' requires a receiver of type 'System.Collections.Generic.IEnumerable<string>' [C:\development\Developer-Kit\tests\FractalDataWorks.Services.Scheduling.Abstractions.Tests\FractalDataWorks.Services.Scheduling.Abstractions.Tests.csproj]
C:\development\Developer-Kit\tests\FractalDataWorks.Services.Scheduling.Abstractions.Tests\TriggerTypes\CronTriggerTests.cs(259,9): error CS1929: 'bool' does not contain a definition for 'ShouldContain' and the best extension method overload 'ShouldBeEnumerableTestExtensions.ShouldContain<string>(IEnumerable<string>, string, string?)' requires a receiver of type 'System.Collections.Generic.IEnumerable<string>' [C:\development\Developer-Kit\tests\FractalDataWorks.Services.Scheduling.Abstractions.Tests\FractalDataWorks.Services.Scheduling.Abstractions.Tests.csproj]
C:\development\Developer-Kit\tests\FractalDataWorks.Services.Scheduling.Abstractions.Tests\TriggerTypes\IntervalTriggerTests.cs(245,9): error CS1929: 'bool' does not contain a definition for 'ShouldContain' and the best extension method overload 'ShouldBeEnumerableTestExtensions.ShouldContain<string>(IEnumerable<string>, string, string?)' requires a receiver of type 'System.Collections.Generic.IEnumerable<string>' [C:\development\Developer-Kit\tests\FractalDataWorks.Services.Scheduling.Abstractions.Tests\FractalDataWorks.Services.Scheduling.Abstractions.Tests.csproj]
C:\development\Developer-Kit\tests\FractalDataWorks.Services.Scheduling.Abstractions.Tests\TriggerTypes\CronTriggerTests.cs(295,9): error CS1929: 'bool' does not contain a definition for 'ShouldContain' and the best extension method overload 'ShouldBeEnumerableTestExtensions.ShouldContain<string>(IEnumerable<string>, string, string?)' requires a receiver of type 'System.Collections.Generic.IEnumerable<string>' [C:\development\Developer-Kit\tests\FractalDataWorks.Services.Scheduling.Abstractions.Tests\FractalDataWorks.Services.Scheduling.Abstractions.Tests.csproj]
C:\development\Developer-Kit\tests\FractalDataWorks.Services.Scheduling.Abstractions.Tests\TriggerTypes\IntervalTriggerTests.cs(263,9): error CS1929: 'bool' does not contain a definition for 'ShouldContain' and the best extension method overload 'ShouldBeEnumerableTestExtensions.ShouldContain<string>(IEnumerable<string>, string, string?)' requires a receiver of type 'System.Collections.Generic.IEnumerable<string>' [C:\development\Developer-Kit\tests\FractalDataWorks.Services.Scheduling.Abstractions.Tests\FractalDataWorks.Services.Scheduling.Abstractions.Tests.csproj]
C:\development\Developer-Kit\tests\FractalDataWorks.Services.Scheduling.Abstractions.Tests\TriggerTypes\IntervalTriggerTests.cs(316,9): error CS1929: 'bool' does not contain a definition for 'ShouldContain' and the best extension method overload 'ShouldBeEnumerableTestExtensions.ShouldContain<string>(IEnumerable<string>, string, string?)' requires a receiver of type 'System.Collections.Generic.IEnumerable<string>' [C:\development\Developer-Kit\tests\FractalDataWorks.Services.Scheduling.Abstractions.Tests\FractalDataWorks.Services.Scheduling.Abstractions.Tests.csproj]
C:\development\Developer-Kit\tests\FractalDataWorks.Services.Scheduling.Abstractions.Tests\TriggerTypes\IntervalTriggerTests.cs(335,9): error CS1929: 'bool' does not contain a definition for 'ShouldContain' and the best extension method overload 'ShouldBeEnumerableTestExtensions.ShouldContain<string>(IEnumerable<string>, string, string?)' requires a receiver of type 'System.Collections.Generic.IEnumerable<string>' [C:\development\Developer-Kit\tests\FractalDataWorks.Services.Scheduling.Abstractions.Tests\FractalDataWorks.Services.Scheduling.Abstractions.Tests.csproj]
C:\development\Developer-Kit\tests\FractalDataWorks.Services.Authentication.Abstractions.Tests\AuthenticationMethodsTests.cs(222,32): error CS0117: 'TokenTypes' does not contain a definition for 'AccessToken' [C:\development\Developer-Kit\tests\FractalDataWorks.Services.Authentication.Abstractions.Tests\FractalDataWorks.Services.Authentication.Abstractions.Tests.csproj]
C:\development\Developer-Kit\tests\FractalDataWorks.Services.Authentication.Abstractions.Tests\AuthenticationMethodsTests.cs(112,48): error CS0117: 'AuthenticationProtocols' does not contain a definition for 'OAuth2Protocol' [C:\development\Developer-Kit\tests\FractalDataWorks.Services.Authentication.Abstractions.Tests\FractalDataWorks.Services.Authentication.Abstractions.Tests.csproj]
C:\development\Developer-Kit\tests\FractalDataWorks.Services.Authentication.Abstractions.Tests\AuthenticationMethodsTests.cs(149,40): error CS0117: 'AuthenticationFlows' does not contain a definition for 'AuthorizationCodeFlow' [C:\development\Developer-Kit\tests\FractalDataWorks.Services.Authentication.Abstractions.Tests\FractalDataWorks.Services.Authentication.Abstractions.Tests.csproj]
C:\development\Developer-Kit\tests\FractalDataWorks.Services.Authentication.Abstractions.Tests\AuthenticationMethodsTests.cs(14,44): error CS0117: 'AuthenticationMethods' does not contain a definition for 'OAuth2' [C:\development\Developer-Kit\tests\FractalDataWorks.Services.Authentication.Abstractions.Tests\FractalDataWorks.Services.Authentication.Abstractions.Tests.csproj]
C:\development\Developer-Kit\tests\FractalDataWorks.Services.Authentication.Abstractions.Tests\MessagesTests.cs(18,17): error CS1061: 'AuthenticationFailedMessage' does not contain a definition for 'Category' and no accessible extension method 'Category' accepting a first argument of type 'AuthenticationFailedMessage' could be found (are you missing a using directive or an assembly reference?) [C:\development\Developer-Kit\tests\FractalDataWorks.Services.Authentication.Abstractions.Tests\FractalDataWorks.Services.Authentication.Abstractions.Tests.csproj]
C:\development\Developer-Kit\tests\FractalDataWorks.Services.Authentication.Abstractions.Tests\AuthenticationMethodsTests.cs(233,32): error CS0117: 'TokenTypes' does not contain a definition for 'RefreshToken' [C:\development\Developer-Kit\tests\FractalDataWorks.Services.Authentication.Abstractions.Tests\FractalDataWorks.Services.Authentication.Abstractions.Tests.csproj]
C:\development\Developer-Kit\tests\FractalDataWorks.Services.Authentication.Abstractions.Tests\MessagesTests.cs(25,27): error CS7036: There is no argument given that corresponds to the required parameter 'configurationName' of 'AuthenticationTypeNotSpecifiedMessage.AuthenticationTypeNotSpecifiedMessage(string)' [C:\development\Developer-Kit\tests\FractalDataWorks.Services.Authentication.Abstractions.Tests\FractalDataWorks.Services.Authentication.Abstractions.Tests.csproj]
C:\development\Developer-Kit\tests\FractalDataWorks.Services.Authentication.Abstractions.Tests\AuthenticationMethodsTests.cs(160,40): error CS0117: 'AuthenticationFlows' does not contain a definition for 'ClientCredentialsFlow' [C:\development\Developer-Kit\tests\FractalDataWorks.Services.Authentication.Abstractions.Tests\FractalDataWorks.Services.Authentication.Abstractions.Tests.csproj]
C:\development\Developer-Kit\tests\FractalDataWorks.Services.Authentication.Abstractions.Tests\AuthenticationMethodsTests.cs(123,48): error CS0117: 'AuthenticationProtocols' does not contain a definition for 'OpenIDConnectProtocol' [C:\development\Developer-Kit\tests\FractalDataWorks.Services.Authentication.Abstractions.Tests\FractalDataWorks.Services.Authentication.Abstractions.Tests.csproj]
C:\development\Developer-Kit\tests\FractalDataWorks.Services.Authentication.Abstractions.Tests\AuthenticationMethodsTests.cs(26,44): error CS0117: 'AuthenticationMethods' does not contain a definition for 'OpenIDConnect' [C:\development\Developer-Kit\tests\FractalDataWorks.Services.Authentication.Abstractions.Tests\FractalDataWorks.Services.Authentication.Abstractions.Tests.csproj]
C:\development\Developer-Kit\tests\FractalDataWorks.Services.Authentication.Abstractions.Tests\AuthenticationMethodsTests.cs(244,32): error CS0117: 'TokenTypes' does not contain a definition for 'IdToken' [C:\development\Developer-Kit\tests\FractalDataWorks.Services.Authentication.Abstractions.Tests\FractalDataWorks.Services.Authentication.Abstractions.Tests.csproj]
C:\development\Developer-Kit\tests\FractalDataWorks.Services.Authentication.Abstractions.Tests\AuthenticationMethodsTests.cs(171,40): error CS0117: 'AuthenticationFlows' does not contain a definition for 'DeviceCodeFlow' [C:\development\Developer-Kit\tests\FractalDataWorks.Services.Authentication.Abstractions.Tests\FractalDataWorks.Services.Authentication.Abstractions.Tests.csproj]
C:\development\Developer-Kit\tests\FractalDataWorks.Services.Authentication.Abstractions.Tests\AuthenticationMethodsTests.cs(37,44): error CS0117: 'AuthenticationMethods' does not contain a definition for 'JWT' [C:\development\Developer-Kit\tests\FractalDataWorks.Services.Authentication.Abstractions.Tests\FractalDataWorks.Services.Authentication.Abstractions.Tests.csproj]
C:\development\Developer-Kit\tests\FractalDataWorks.Services.Authentication.Abstractions.Tests\MessagesTests.cs(47,27): error CS7036: There is no argument given that corresponds to the required parameter 'configurationTypeName' of 'ConfigurationBindingFailedMessage.ConfigurationBindingFailedMessage(string?)' [C:\development\Developer-Kit\tests\FractalDataWorks.Services.Authentication.Abstractions.Tests\FractalDataWorks.Services.Authentication.Abstractions.Tests.csproj]
C:\development\Developer-Kit\tests\FractalDataWorks.Services.Authentication.Abstractions.Tests\AuthenticationMethodsTests.cs(255,32): error CS0117: 'TokenTypes' does not contain a definition for 'BearerToken' [C:\development\Developer-Kit\tests\FractalDataWorks.Services.Authentication.Abstractions.Tests\FractalDataWorks.Services.Authentication.Abstractions.Tests.csproj]
C:\development\Developer-Kit\tests\FractalDataWorks.Services.Authentication.Abstractions.Tests\AuthenticationMethodsTests.cs(138,51): error CS0117: 'AuthenticationProtocols' does not contain a definition for 'OAuth2Protocol' [C:\development\Developer-Kit\tests\FractalDataWorks.Services.Authentication.Abstractions.Tests\FractalDataWorks.Services.Authentication.Abstractions.Tests.csproj]
C:\development\Developer-Kit\tests\FractalDataWorks.Services.Authentication.Abstractions.Tests\AuthenticationMethodsTests.cs(139,51): error CS0117: 'AuthenticationProtocols' does not contain a definition for 'OpenIDConnectProtocol' [C:\development\Developer-Kit\tests\FractalDataWorks.Services.Authentication.Abstractions.Tests\FractalDataWorks.Services.Authentication.Abstractions.Tests.csproj]
C:\development\Developer-Kit\tests\FractalDataWorks.Services.Authentication.Abstractions.Tests\AuthenticationMethodsTests.cs(182,40): error CS0117: 'AuthenticationFlows' does not contain a definition for 'ImplicitFlow' [C:\development\Developer-Kit\tests\FractalDataWorks.Services.Authentication.Abstractions.Tests\FractalDataWorks.Services.Authentication.Abstractions.Tests.csproj]
C:\development\Developer-Kit\tests\FractalDataWorks.Services.Authentication.Abstractions.Tests\AuthenticationMethodsTests.cs(48,44): error CS0117: 'AuthenticationMethods' does not contain a definition for 'BearerToken' [C:\development\Developer-Kit\tests\FractalDataWorks.Services.Authentication.Abstractions.Tests\FractalDataWorks.Services.Authentication.Abstractions.Tests.csproj]
C:\development\Developer-Kit\tests\FractalDataWorks.Services.Authentication.Abstractions.Tests\AuthenticationMethodsTests.cs(193,40): error CS0117: 'AuthenticationFlows' does not contain a definition for 'InteractiveFlow' [C:\development\Developer-Kit\tests\FractalDataWorks.Services.Authentication.Abstractions.Tests\FractalDataWorks.Services.Authentication.Abstractions.Tests.csproj]
C:\development\Developer-Kit\tests\FractalDataWorks.Services.Authentication.Abstractions.Tests\AuthenticationMethodsTests.cs(270,38): error CS0117: 'TokenTypes' does not contain a definition for 'AccessToken' [C:\development\Developer-Kit\tests\FractalDataWorks.Services.Authentication.Abstractions.Tests\FractalDataWorks.Services.Authentication.Abstractions.Tests.csproj]
C:\development\Developer-Kit\tests\FractalDataWorks.Services.Authentication.Abstractions.Tests\AuthenticationMethodsTests.cs(271,38): error CS0117: 'TokenTypes' does not contain a definition for 'RefreshToken' [C:\development\Developer-Kit\tests\FractalDataWorks.Services.Authentication.Abstractions.Tests\FractalDataWorks.Services.Authentication.Abstractions.Tests.csproj]
C:\development\Developer-Kit\tests\FractalDataWorks.Services.Authentication.Abstractions.Tests\AuthenticationMethodsTests.cs(272,38): error CS0117: 'TokenTypes' does not contain a definition for 'IdToken' [C:\development\Developer-Kit\tests\FractalDataWorks.Services.Authentication.Abstractions.Tests\FractalDataWorks.Services.Authentication.Abstractions.Tests.csproj]
C:\development\Developer-Kit\tests\FractalDataWorks.Services.Authentication.Abstractions.Tests\AuthenticationMethodsTests.cs(273,38): error CS0117: 'TokenTypes' does not contain a definition for 'BearerToken' [C:\development\Developer-Kit\tests\FractalDataWorks.Services.Authentication.Abstractions.Tests\FractalDataWorks.Services.Authentication.Abstractions.Tests.csproj]
C:\development\Developer-Kit\tests\FractalDataWorks.Services.Authentication.Abstractions.Tests\AuthenticationMethodsTests.cs(59,44): error CS0117: 'AuthenticationMethods' does not contain a definition for 'ApiKey' [C:\development\Developer-Kit\tests\FractalDataWorks.Services.Authentication.Abstractions.Tests\FractalDataWorks.Services.Authentication.Abstractions.Tests.csproj]
C:\development\Developer-Kit\tests\FractalDataWorks.Services.Authentication.Abstractions.Tests\AuthenticationMethodsTests.cs(70,44): error CS0117: 'AuthenticationMethods' does not contain a definition for 'Certificate' [C:\development\Developer-Kit\tests\FractalDataWorks.Services.Authentication.Abstractions.Tests\FractalDataWorks.Services.Authentication.Abstractions.Tests.csproj]
C:\development\Developer-Kit\tests\FractalDataWorks.Services.Authentication.Abstractions.Tests\MessagesTests.cs(80,27): error CS7036: There is no argument given that corresponds to the required parameter 'configurationName' of 'ConfigurationSectionNotFoundMessage.ConfigurationSectionNotFoundMessage(string)' [C:\development\Developer-Kit\tests\FractalDataWorks.Services.Authentication.Abstractions.Tests\FractalDataWorks.Services.Authentication.Abstractions.Tests.csproj]
C:\development\Developer-Kit\tests\FractalDataWorks.Services.Authentication.Abstractions.Tests\AuthenticationMethodsTests.cs(81,44): error CS0117: 'AuthenticationMethods' does not contain a definition for 'ManagedIdentity' [C:\development\Developer-Kit\tests\FractalDataWorks.Services.Authentication.Abstractions.Tests\FractalDataWorks.Services.Authentication.Abstractions.Tests.csproj]
C:\development\Developer-Kit\tests\FractalDataWorks.Services.Authentication.Abstractions.Tests\AuthenticationMethodsTests.cs(208,47): error CS0117: 'AuthenticationFlows' does not contain a definition for 'AuthorizationCodeFlow' [C:\development\Developer-Kit\tests\FractalDataWorks.Services.Authentication.Abstractions.Tests\FractalDataWorks.Services.Authentication.Abstractions.Tests.csproj]
C:\development\Developer-Kit\tests\FractalDataWorks.Services.Authentication.Abstractions.Tests\AuthenticationMethodsTests.cs(209,47): error CS0117: 'AuthenticationFlows' does not contain a definition for 'ClientCredentialsFlow' [C:\development\Developer-Kit\tests\FractalDataWorks.Services.Authentication.Abstractions.Tests\FractalDataWorks.Services.Authentication.Abstractions.Tests.csproj]
C:\development\Developer-Kit\tests\FractalDataWorks.Services.Authentication.Abstractions.Tests\AuthenticationMethodsTests.cs(210,47): error CS0117: 'AuthenticationFlows' does not contain a definition for 'DeviceCodeFlow' [C:\development\Developer-Kit\tests\FractalDataWorks.Services.Authentication.Abstractions.Tests\FractalDataWorks.Services.Authentication.Abstractions.Tests.csproj]
C:\development\Developer-Kit\tests\FractalDataWorks.Services.Authentication.Abstractions.Tests\AuthenticationMethodsTests.cs(211,47): error CS0117: 'AuthenticationFlows' does not contain a definition for 'ImplicitFlow' [C:\development\Developer-Kit\tests\FractalDataWorks.Services.Authentication.Abstractions.Tests\FractalDataWorks.Services.Authentication.Abstractions.Tests.csproj]
C:\development\Developer-Kit\tests\FractalDataWorks.Services.Authentication.Abstractions.Tests\AuthenticationMethodsTests.cs(212,47): error CS0117: 'AuthenticationFlows' does not contain a definition for 'InteractiveFlow' [C:\development\Developer-Kit\tests\FractalDataWorks.Services.Authentication.Abstractions.Tests\FractalDataWorks.Services.Authentication.Abstractions.Tests.csproj]
C:\development\Developer-Kit\tests\FractalDataWorks.Services.Authentication.Abstractions.Tests\MessagesTests.cs(102,27): error CS7036: There is no argument given that corresponds to the required parameter 'authenticationType' of 'NoFactoryRegisteredMessage.NoFactoryRegisteredMessage(string)' [C:\development\Developer-Kit\tests\FractalDataWorks.Services.Authentication.Abstractions.Tests\FractalDataWorks.Services.Authentication.Abstractions.Tests.csproj]
C:\development\Developer-Kit\tests\FractalDataWorks.Services.Authentication.Abstractions.Tests\AuthenticationMethodsTests.cs(96,49): error CS0117: 'AuthenticationMethods' does not contain a definition for 'OAuth2' [C:\development\Developer-Kit\tests\FractalDataWorks.Services.Authentication.Abstractions.Tests\FractalDataWorks.Services.Authentication.Abstractions.Tests.csproj]
C:\development\Developer-Kit\tests\FractalDataWorks.Services.Authentication.Abstractions.Tests\AuthenticationMethodsTests.cs(97,49): error CS0117: 'AuthenticationMethods' does not contain a definition for 'OpenIDConnect' [C:\development\Developer-Kit\tests\FractalDataWorks.Services.Authentication.Abstractions.Tests\FractalDataWorks.Services.Authentication.Abstractions.Tests.csproj]
C:\development\Developer-Kit\tests\FractalDataWorks.Services.Authentication.Abstractions.Tests\AuthenticationMethodsTests.cs(98,49): error CS0117: 'AuthenticationMethods' does not contain a definition for 'JWT' [C:\development\Developer-Kit\tests\FractalDataWorks.Services.Authentication.Abstractions.Tests\FractalDataWorks.Services.Authentication.Abstractions.Tests.csproj]
C:\development\Developer-Kit\tests\FractalDataWorks.Services.Authentication.Abstractions.Tests\AuthenticationMethodsTests.cs(99,49): error CS0117: 'AuthenticationMethods' does not contain a definition for 'BearerToken' [C:\development\Developer-Kit\tests\FractalDataWorks.Services.Authentication.Abstractions.Tests\FractalDataWorks.Services.Authentication.Abstractions.Tests.csproj]
C:\development\Developer-Kit\tests\FractalDataWorks.Services.Authentication.Abstractions.Tests\AuthenticationMethodsTests.cs(100,49): error CS0117: 'AuthenticationMethods' does not contain a definition for 'ApiKey' [C:\development\Developer-Kit\tests\FractalDataWorks.Services.Authentication.Abstractions.Tests\FractalDataWorks.Services.Authentication.Abstractions.Tests.csproj]
C:\development\Developer-Kit\tests\FractalDataWorks.Services.Authentication.Abstractions.Tests\AuthenticationMethodsTests.cs(101,49): error CS0117: 'AuthenticationMethods' does not contain a definition for 'Certificate' [C:\development\Developer-Kit\tests\FractalDataWorks.Services.Authentication.Abstractions.Tests\FractalDataWorks.Services.Authentication.Abstractions.Tests.csproj]
C:\development\Developer-Kit\tests\FractalDataWorks.Services.Authentication.Abstractions.Tests\AuthenticationMethodsTests.cs(102,49): error CS0117: 'AuthenticationMethods' does not contain a definition for 'ManagedIdentity' [C:\development\Developer-Kit\tests\FractalDataWorks.Services.Authentication.Abstractions.Tests\FractalDataWorks.Services.Authentication.Abstractions.Tests.csproj]
C:\development\Developer-Kit\tests\FractalDataWorks.Services.Authentication.Abstractions.Tests\MessagesTests.cs(124,27): error CS7036: There is no argument given that corresponds to the required parameter 'exceptionMessage' of 'ServiceCreationExceptionMessage.ServiceCreationExceptionMessage(string)' [C:\development\Developer-Kit\tests\FractalDataWorks.Services.Authentication.Abstractions.Tests\FractalDataWorks.Services.Authentication.Abstractions.Tests.csproj]
C:\development\Developer-Kit\tests\FractalDataWorks.Services.Authentication.Abstractions.Tests\MessagesTests.cs(157,27): error CS7036: There is no argument given that corresponds to the required parameter 'exceptionMessage' of 'TokenRevocationFailedMessage.TokenRevocationFailedMessage(string)' [C:\development\Developer-Kit\tests\FractalDataWorks.Services.Authentication.Abstractions.Tests\FractalDataWorks.Services.Authentication.Abstractions.Tests.csproj]
C:\development\Developer-Kit\tests\FractalDataWorks.Services.Authentication.Abstractions.Tests\MessagesTests.cs(168,27): error CS7036: There is no argument given that corresponds to the required parameter 'authenticationType' of 'UnknownAuthenticationTypeMessage.UnknownAuthenticationTypeMessage(string)' [C:\development\Developer-Kit\tests\FractalDataWorks.Services.Authentication.Abstractions.Tests\FractalDataWorks.Services.Authentication.Abstractions.Tests.csproj]
C:\development\Developer-Kit\tests\FractalDataWorks.Services.Authentication.Abstractions.Tests\MessagesTests.cs(183,20): error CS1061: 'Func<ImmutableArray<AuthenticationMessage>>' does not contain a definition for 'ShouldNotBeEmpty' and no accessible extension method 'ShouldNotBeEmpty' accepting a first argument of type 'Func<ImmutableArray<AuthenticationMessage>>' could be found (are you missing a using directive or an assembly reference?) [C:\development\Developer-Kit\tests\FractalDataWorks.Services.Authentication.Abstractions.Tests\FractalDataWorks.Services.Authentication.Abstractions.Tests.csproj]
C:\development\Developer-Kit\src\FractalDataWorks.Services.Authentication.Entra\AzureEntraAuthenticationService.cs(105,45): error CS0115: 'EntraAuthenticationService.Execute(IAuthenticationCommand)': no suitable method found to override [C:\development\Developer-Kit\src\FractalDataWorks.Services.Authentication.Entra\FractalDataWorks.Services.Authentication.Entra.csproj::TargetFramework=net10.0]
C:\development\Developer-Kit\src\FractalDataWorks.Services.Authentication.Entra\AzureEntraAuthenticationService.cs(113,48): error CS0115: 'EntraAuthenticationService.Execute<T>(IAuthenticationCommand)': no suitable method found to override [C:\development\Developer-Kit\src\FractalDataWorks.Services.Authentication.Entra\FractalDataWorks.Services.Authentication.Entra.csproj::TargetFramework=net10.0]
C:\development\Developer-Kit\src\FractalDataWorks.Services.Authentication.Entra\AzureEntraAuthenticationService.cs(121,51): error CS0507: 'EntraAuthenticationService.Execute<TOut>(IAuthenticationCommand, CancellationToken)': cannot change access modifiers when overriding 'public' inherited member 'ServiceBase<IAuthenticationCommand, AzureEntraConfiguration, EntraAuthenticationService>.Execute<T>(IAuthenticationCommand, CancellationToken)' [C:\development\Developer-Kit\src\FractalDataWorks.Services.Authentication.Entra\FractalDataWorks.Services.Authentication.Entra.csproj::TargetFramework=net10.0]
C:\development\Developer-Kit\src\FractalDataWorks.Services.Authentication.Entra\AzureEntraAuthenticationService.cs(128,45): error CS0507: 'EntraAuthenticationService.Execute(IAuthenticationCommand, CancellationToken)': cannot change access modifiers when overriding 'public' inherited member 'ServiceBase<IAuthenticationCommand, AzureEntraConfiguration, EntraAuthenticationService>.Execute(IAuthenticationCommand, CancellationToken)' [C:\development\Developer-Kit\src\FractalDataWorks.Services.Authentication.Entra\FractalDataWorks.Services.Authentication.Entra.csproj::TargetFramework=net10.0]
C:\development\Developer-Kit\src\FractalDataWorks.Web.RestEndpoints\Base\QueryEndpoint.cs(28,12): error MA0026: TODO Configure caching when available in FastEndpoints (https://github.com/meziantou/Meziantou.Analyzer/blob/main/docs/Rules/MA0026.md) [C:\development\Developer-Kit\src\FractalDataWorks.Web.RestEndpoints\FractalDataWorks.Web.RestEndpoints.csproj]
C:\development\Developer-Kit\src\FractalDataWorks.Web.RestEndpoints\Base\RecEndpoint.cs(116,12): error MA0026: TODO Extract detailed messages when GenericResult is available (https://github.com/meziantou/Meziantou.Analyzer/blob/main/docs/Rules/MA0026.md) [C:\development\Developer-Kit\src\FractalDataWorks.Web.RestEndpoints\FractalDataWorks.Web.RestEndpoints.csproj]
C:\development\Developer-Kit\src\FractalDataWorks.Web.RestEndpoints\Configuration\EndpointDefaults.cs(127,12): error MA0026: TODO Implement GetDefaultsForType based on endpoint type (https://github.com/meziantou/Meziantou.Analyzer/blob/main/docs/Rules/MA0026.md) [C:\development\Developer-Kit\src\FractalDataWorks.Web.RestEndpoints\FractalDataWorks.Web.RestEndpoints.csproj]
C:\development\Developer-Kit\src\FractalDataWorks.Web.RestEndpoints\Configuration\SecurityConfiguration.cs(80,12): error MA0026: TODO Implement IsValid (https://github.com/meziantou/Meziantou.Analyzer/blob/main/docs/Rules/MA0026.md) [C:\development\Developer-Kit\src\FractalDataWorks.Web.RestEndpoints\FractalDataWorks.Web.RestEndpoints.csproj]
C:\development\Developer-Kit\src\FractalDataWorks.Web.RestEndpoints\Extensions\ApplicationBuilderExtensions.cs(23,12): error MA0026: TODO Implement UseFractalDataWorksWeb (https://github.com/meziantou/Meziantou.Analyzer/blob/main/docs/Rules/MA0026.md) [C:\development\Developer-Kit\src\FractalDataWorks.Web.RestEndpoints\FractalDataWorks.Web.RestEndpoints.csproj]
C:\development\Developer-Kit\src\FractalDataWorks.Web.RestEndpoints\Extensions\ApplicationBuilderExtensions.cs(38,12): error MA0026: TODO Implement UseFractalDataWorksWeb with configuration (https://github.com/meziantou/Meziantou.Analyzer/blob/main/docs/Rules/MA0026.md) [C:\development\Developer-Kit\src\FractalDataWorks.Web.RestEndpoints\FractalDataWorks.Web.RestEndpoints.csproj]
C:\development\Developer-Kit\src\FractalDataWorks.Web.RestEndpoints\Extensions\ApplicationBuilderExtensions.cs(50,12): error MA0026: TODO Implement UseFractalDataWorksRequestValidation (https://github.com/meziantou/Meziantou.Analyzer/blob/main/docs/Rules/MA0026.md) [C:\development\Developer-Kit\src\FractalDataWorks.Web.RestEndpoints\FractalDataWorks.Web.RestEndpoints.csproj]
C:\development\Developer-Kit\src\FractalDataWorks.Web.RestEndpoints\Extensions\ApplicationBuilderExtensions.cs(62,12): error MA0026: TODO Implement UseFractalDataWorksEndpoints (https://github.com/meziantou/Meziantou.Analyzer/blob/main/docs/Rules/MA0026.md) [C:\development\Developer-Kit\src\FractalDataWorks.Web.RestEndpoints\FractalDataWorks.Web.RestEndpoints.csproj]
C:\development\Developer-Kit\src\FractalDataWorks.Web.RestEndpoints\Extensions\ApplicationBuilderExtensions.cs(74,12): error MA0026: TODO Implement UseFractalDataWorksSecurityHeaders (https://github.com/meziantou/Meziantou.Analyzer/blob/main/docs/Rules/MA0026.md) [C:\development\Developer-Kit\src\FractalDataWorks.Web.RestEndpoints\FractalDataWorks.Web.RestEndpoints.csproj]
C:\development\Developer-Kit\src\FractalDataWorks.Web.RestEndpoints\Extensions\ApplicationBuilderExtensions.cs(86,12): error MA0026: TODO Implement UseFractalDataWorksRateLimiting (https://github.com/meziantou/Meziantou.Analyzer/blob/main/docs/Rules/MA0026.md) [C:\development\Developer-Kit\src\FractalDataWorks.Web.RestEndpoints\FractalDataWorks.Web.RestEndpoints.csproj]
C:\development\Developer-Kit\src\FractalDataWorks.Web.RestEndpoints\Extensions\ApplicationBuilderExtensions.cs(98,12): error MA0026: TODO Implement UseFractalDataWorksAuthentication (https://github.com/meziantou/Meziantou.Analyzer/blob/main/docs/Rules/MA0026.md) [C:\development\Developer-Kit\src\FractalDataWorks.Web.RestEndpoints\FractalDataWorks.Web.RestEndpoints.csproj]
C:\development\Developer-Kit\src\FractalDataWorks.Web.RestEndpoints\Extensions\ApplicationBuilderExtensions.cs(110,12): error MA0026: TODO Implement UseFractalDataWorksAuthorization (https://github.com/meziantou/Meziantou.Analyzer/blob/main/docs/Rules/MA0026.md) [C:\development\Developer-Kit\src\FractalDataWorks.Web.RestEndpoints\FractalDataWorks.Web.RestEndpoints.csproj]
C:\development\Developer-Kit\src\FractalDataWorks.Web.RestEndpoints\Extensions\ApplicationBuilderExtensions.cs(122,12): error MA0026: TODO Implement UseFractalDataWorksCors (https://github.com/meziantou/Meziantou.Analyzer/blob/main/docs/Rules/MA0026.md) [C:\development\Developer-Kit\src\FractalDataWorks.Web.RestEndpoints\FractalDataWorks.Web.RestEndpoints.csproj]
C:\development\Developer-Kit\src\FractalDataWorks.Web.RestEndpoints\Extensions\ApplicationBuilderExtensions.cs(134,12): error MA0026: TODO Implement UseFractalDataWorksExceptionHandling (https://github.com/meziantou/Meziantou.Analyzer/blob/main/docs/Rules/MA0026.md) [C:\development\Developer-Kit\src\FractalDataWorks.Web.RestEndpoints\FractalDataWorks.Web.RestEndpoints.csproj]
C:\development\Developer-Kit\src\FractalDataWorks.Web.RestEndpoints\Extensions\ApplicationBuilderExtensions.cs(146,12): error MA0026: TODO Implement UseFractalDataWorksRequestResponseLogging (https://github.com/meziantou/Meziantou.Analyzer/blob/main/docs/Rules/MA0026.md) [C:\development\Developer-Kit\src\FractalDataWorks.Web.RestEndpoints\FractalDataWorks.Web.RestEndpoints.csproj]
C:\development\Developer-Kit\src\FractalDataWorks.Web.RestEndpoints\Extensions\ApplicationBuilderExtensions.cs(158,12): error MA0026: TODO Implement UseFractalDataWorksPerformanceMonitoring (https://github.com/meziantou/Meziantou.Analyzer/blob/main/docs/Rules/MA0026.md) [C:\development\Developer-Kit\src\FractalDataWorks.Web.RestEndpoints\FractalDataWorks.Web.RestEndpoints.csproj]
C:\development\Developer-Kit\src\FractalDataWorks.Web.RestEndpoints\Extensions\ApplicationBuilderExtensions.cs(170,12): error MA0026: TODO Implement UseFractalDataWorksHealthChecks (https://github.com/meziantou/Meziantou.Analyzer/blob/main/docs/Rules/MA0026.md) [C:\development\Developer-Kit\src\FractalDataWorks.Web.RestEndpoints\FractalDataWorks.Web.RestEndpoints.csproj]
C:\development\Developer-Kit\src\FractalDataWorks.Web.RestEndpoints\Extensions\ApplicationBuilderExtensions.cs(182,12): error MA0026: TODO Implement ValidateFractalDataWorksWebConfiguration (https://github.com/meziantou/Meziantou.Analyzer/blob/main/docs/Rules/MA0026.md) [C:\development\Developer-Kit\src\FractalDataWorks.Web.RestEndpoints\FractalDataWorks.Web.RestEndpoints.csproj]
C:\development\Developer-Kit\src\FractalDataWorks.Web.RestEndpoints\Extensions\ApplicationBuilderExtensions.cs(197,12): error MA0026: TODO Implement ConfigureMiddlewarePipeline (https://github.com/meziantou/Meziantou.Analyzer/blob/main/docs/Rules/MA0026.md) [C:\development\Developer-Kit\src\FractalDataWorks.Web.RestEndpoints\FractalDataWorks.Web.RestEndpoints.csproj]
C:\development\Developer-Kit\src\FractalDataWorks.Web.RestEndpoints\Extensions\ApplicationBuilderExtensions.cs(209,12): error MA0026: TODO Implement ValidateRequiredServices (https://github.com/meziantou/Meziantou.Analyzer/blob/main/docs/Rules/MA0026.md) [C:\development\Developer-Kit\src\FractalDataWorks.Web.RestEndpoints\FractalDataWorks.Web.RestEndpoints.csproj]
C:\development\Developer-Kit\src\FractalDataWorks.Web.RestEndpoints\Extensions\ApplicationBuilderExtensions.cs(221,12): error MA0026: TODO Implement LogMiddlewareConfiguration (https://github.com/meziantou/Meziantou.Analyzer/blob/main/docs/Rules/MA0026.md) [C:\development\Developer-Kit\src\FractalDataWorks.Web.RestEndpoints\FractalDataWorks.Web.RestEndpoints.csproj]
C:\development\Developer-Kit\src\FractalDataWorks.Web.RestEndpoints\Configuration\ApiKeySecurityConfiguration.cs(33,12): error MA0016: Prefer using collection abstraction instead of implementation (https://github.com/meziantou/Meziantou.Analyzer/blob/main/docs/Rules/MA0016.md) [C:\development\Developer-Kit\src\FractalDataWorks.Web.RestEndpoints\FractalDataWorks.Web.RestEndpoints.csproj]
C:\development\Developer-Kit\src\FractalDataWorks.Web.RestEndpoints\Configuration\ApiKeySecurityConfiguration.cs(27,52): error CA1805: Member 'AllowQueryParameter' is explicitly initialized to its default value (https://learn.microsoft.com/dotnet/fundamentals/code-analysis/quality-rules/ca1805) [C:\development\Developer-Kit\src\FractalDataWorks.Web.RestEndpoints\FractalDataWorks.Web.RestEndpoints.csproj]
C:\development\Developer-Kit\src\FractalDataWorks.Web.RestEndpoints\Extensions\GenericWebMiddlewareOptions.cs(46,60): error CA1805: Member 'EnableRequestResponseLogging' is explicitly initialized to its default value (https://learn.microsoft.com/dotnet/fundamentals/code-analysis/quality-rules/ca1805) [C:\development\Developer-Kit\src\FractalDataWorks.Web.RestEndpoints\FractalDataWorks.Web.RestEndpoints.csproj]
C:\development\Developer-Kit\src\FractalDataWorks.Web.RestEndpoints\Configuration\CertificateSecurityConfiguration.cs(13,40): error CA1805: Member 'Enabled' is explicitly initialized to its default value (https://learn.microsoft.com/dotnet/fundamentals/code-analysis/quality-rules/ca1805) [C:\development\Developer-Kit\src\FractalDataWorks.Web.RestEndpoints\FractalDataWorks.Web.RestEndpoints.csproj]
C:\development\Developer-Kit\src\FractalDataWorks.Web.RestEndpoints\Configuration\CertificateSecurityConfiguration.cs(18,57): error CA1805: Member 'RequireClientCertificate' is explicitly initialized to its default value (https://learn.microsoft.com/dotnet/fundamentals/code-analysis/quality-rules/ca1805) [C:\development\Developer-Kit\src\FractalDataWorks.Web.RestEndpoints\FractalDataWorks.Web.RestEndpoints.csproj]
C:\development\Developer-Kit\src\FractalDataWorks.Web.RestEndpoints\Configuration\CorsConfiguration.cs(31,49): error CA1805: Member 'AllowCredentials' is explicitly initialized to its default value (https://learn.microsoft.com/dotnet/fundamentals/code-analysis/quality-rules/ca1805) [C:\development\Developer-Kit\src\FractalDataWorks.Web.RestEndpoints\FractalDataWorks.Web.RestEndpoints.csproj]
C:\development\Developer-Kit\src\FractalDataWorks.Web.RestEndpoints\Configuration\CorsSecurityConfiguration.cs(31,49): error CA1805: Member 'AllowCredentials' is explicitly initialized to its default value (https://learn.microsoft.com/dotnet/fundamentals/code-analysis/quality-rules/ca1805) [C:\development\Developer-Kit\src\FractalDataWorks.Web.RestEndpoints\FractalDataWorks.Web.RestEndpoints.csproj]
C:\development\Developer-Kit\src\FractalDataWorks.Web.RestEndpoints\Configuration\OAuth2SecurityConfiguration.cs(11,40): error CA1805: Member 'Enabled' is explicitly initialized to its default value (https://learn.microsoft.com/dotnet/fundamentals/code-analysis/quality-rules/ca1805) [C:\development\Developer-Kit\src\FractalDataWorks.Web.RestEndpoints\FractalDataWorks.Web.RestEndpoints.csproj]
C:\development\Developer-Kit\src\FractalDataWorks.Web.RestEndpoints\Configuration\SecurityConfiguration.cs(60,12): error MA0016: Prefer using collection abstraction instead of implementation (https://github.com/meziantou/Meziantou.Analyzer/blob/main/docs/Rules/MA0016.md) [C:\development\Developer-Kit\src\FractalDataWorks.Web.RestEndpoints\FractalDataWorks.Web.RestEndpoints.csproj]
C:\development\Developer-Kit\src\FractalDataWorks.Web.RestEndpoints\Configuration\SecurityConfiguration.cs(72,55): error CA1805: Member 'DetailedSecurityErrors' is explicitly initialized to its default value (https://learn.microsoft.com/dotnet/fundamentals/code-analysis/quality-rules/ca1805) [C:\development\Developer-Kit\src\FractalDataWorks.Web.RestEndpoints\FractalDataWorks.Web.RestEndpoints.csproj]
C:\development\Developer-Kit\src\FractalDataWorks.Web.RestEndpoints\Pagination\StreamingRequest.cs(46,33): error MA0006: Use string.Equals instead of Equals operator (https://github.com/meziantou/Meziantou.Analyzer/blob/main/docs/Rules/MA0006.md) [C:\development\Developer-Kit\src\FractalDataWorks.Web.RestEndpoints\FractalDataWorks.Web.RestEndpoints.csproj]
C:\development\Developer-Kit\src\FractalDataWorks.Web.RestEndpoints\Pagination\PagedRequest.cs(46,33): error MA0006: Use string.Equals instead of Equals operator (https://github.com/meziantou/Meziantou.Analyzer/blob/main/docs/Rules/MA0006.md) [C:\development\Developer-Kit\src\FractalDataWorks.Web.RestEndpoints\FractalDataWorks.Web.RestEndpoints.csproj]
C:\development\Developer-Kit\src\FractalDataWorks.Web.RestEndpoints\Configuration\SecurityConfiguration.cs(78,17): error CA1822: Member 'IsValid' does not access instance data and can be marked as static (https://learn.microsoft.com/dotnet/fundamentals/code-analysis/quality-rules/ca1822) [C:\development\Developer-Kit\src\FractalDataWorks.Web.RestEndpoints\FractalDataWorks.Web.RestEndpoints.csproj]
    15 Warning(s)
    98 Error(s)

Time Elapsed 00:00:42.70
